---------------------------------------------------------------
[ 2018-01-01T12:22:15+08:00 ] 0.0.0.0 GET /tp5/public/index.php/test/index/demo/
[ info ] localhost/tp5/public/index.php/test/index/demo/ [运行时间：0.066680s][吞吐率：15.00req/s] [内存消耗：1,029.68kb] [文件加载：24]
[ info ] [ LANG ] D:\phpStudy\WWW\tp5\thinkphp\lang\zh-cn.php
[ info ] [ ROUTE ] array (
  'type' => 'module',
  'module' => 
  array (
    0 => 'test',
    1 => 'index',
    2 => 'demo',
  ),
)
[ info ] [ HEADER ] array (
  'host' => 'localhost',
  'connection' => 'keep-alive',
  'user-agent' => 'Mozilla/5.0 (Windows NT 10.0; WOW64) AppleWebKit/537.36 (KHTML, like Gecko) Chrome/63.0.3239.84 Safari/537.36',
  'upgrade-insecure-requests' => '1',
  'accept' => 'text/html,application/xhtml+xml,application/xml;q=0.9,image/webp,image/apng,*/*;q=0.8',
  'accept-encoding' => 'gzip, deflate, br',
  'accept-language' => 'zh-CN,zh;q=0.9',
  'cookie' => 'pgv_pvi=6382216192',
)
[ info ] [ PARAM ] array (
)
[ info ] [ LOG ] INIT File
---------------------------------------------------------------
[ 2018-01-01T12:22:25+08:00 ] 0.0.0.0 GET /tp5/public/index.php/test/index/demo/index
[ info ] localhost/tp5/public/index.php/test/index/demo/index [运行时间：0.022620s][吞吐率：44.21req/s] [内存消耗：1,029.66kb] [文件加载：24]
[ info ] [ LANG ] D:\phpStudy\WWW\tp5\thinkphp\lang\zh-cn.php
[ info ] [ ROUTE ] array (
  'type' => 'module',
  'module' => 
  array (
    0 => 'test',
    1 => 'index',
    2 => 'demo',
  ),
)
[ info ] [ HEADER ] array (
  'host' => 'localhost',
  'connection' => 'keep-alive',
  'user-agent' => 'Mozilla/5.0 (Windows NT 10.0; WOW64) AppleWebKit/537.36 (KHTML, like Gecko) Chrome/63.0.3239.84 Safari/537.36',
  'upgrade-insecure-requests' => '1',
  'accept' => 'text/html,application/xhtml+xml,application/xml;q=0.9,image/webp,image/apng,*/*;q=0.8',
  'accept-encoding' => 'gzip, deflate, br',
  'accept-language' => 'zh-CN,zh;q=0.9',
  'cookie' => 'pgv_pvi=6382216192',
)
[ info ] [ PARAM ] array (
)
[ info ] [ LOG ] INIT File
---------------------------------------------------------------
[ 2018-01-01T12:22:34+08:00 ] 0.0.0.0 GET /tp5/public/index.php/test/demo/index
[ info ] localhost/tp5/public/index.php/test/demo/index [运行时间：0.043381s][吞吐率：23.05req/s] [内存消耗：1,022.52kb] [文件加载：23]
[ info ] [ LANG ] D:\phpStudy\WWW\tp5\thinkphp\lang\zh-cn.php
[ info ] [ ROUTE ] array (
  'type' => 'module',
  'module' => 
  array (
    0 => 'test',
    1 => 'demo',
    2 => 'index',
  ),
)
[ info ] [ HEADER ] array (
  'host' => 'localhost',
  'connection' => 'keep-alive',
  'user-agent' => 'Mozilla/5.0 (Windows NT 10.0; WOW64) AppleWebKit/537.36 (KHTML, like Gecko) Chrome/63.0.3239.84 Safari/537.36',
  'upgrade-insecure-requests' => '1',
  'accept' => 'text/html,application/xhtml+xml,application/xml;q=0.9,image/webp,image/apng,*/*;q=0.8',
  'accept-encoding' => 'gzip, deflate, br',
  'accept-language' => 'zh-CN,zh;q=0.9',
  'cookie' => 'pgv_pvi=6382216192',
)
[ info ] [ PARAM ] array (
)
[ info ] [ RUN ] app\test\controller\Demo->index[ D:\phpStudy\WWW\tp5\application\test\controller\Demo.php ]
[ info ] [ LOG ] INIT File
[ error ] [0]variable type error： array[D:\phpStudy\WWW\tp5\thinkphp\library\think\Response.php:318]
---------------------------------------------------------------
[ 2018-01-01T12:22:52+08:00 ] 0.0.0.0 GET /tp5/public/index.php/test/demo/index
[ info ] localhost/tp5/public/index.php/test/demo/index [运行时间：0.019008s][吞吐率：52.61req/s] [内存消耗：991.39kb] [文件加载：21]
[ info ] [ LANG ] D:\phpStudy\WWW\tp5\thinkphp\lang\zh-cn.php
[ info ] [ ROUTE ] array (
  'type' => 'module',
  'module' => 
  array (
    0 => 'test',
    1 => 'demo',
    2 => 'index',
  ),
)
[ info ] [ HEADER ] array (
  'host' => 'localhost',
  'connection' => 'keep-alive',
  'cache-control' => 'max-age=0',
  'user-agent' => 'Mozilla/5.0 (Windows NT 10.0; WOW64) AppleWebKit/537.36 (KHTML, like Gecko) Chrome/63.0.3239.84 Safari/537.36',
  'upgrade-insecure-requests' => '1',
  'accept' => 'text/html,application/xhtml+xml,application/xml;q=0.9,image/webp,image/apng,*/*;q=0.8',
  'accept-encoding' => 'gzip, deflate, br',
  'accept-language' => 'zh-CN,zh;q=0.9',
  'cookie' => 'pgv_pvi=6382216192',
)
[ info ] [ PARAM ] array (
)
[ info ] [ RUN ] app\test\controller\Demo->index[ D:\phpStudy\WWW\tp5\application\test\controller\Demo.php ]
[ info ] [ LOG ] INIT File
---------------------------------------------------------------
[ 2018-01-01T12:23:07+08:00 ] 0.0.0.0 GET /tp5/public/index.php/test/demo/index
[ info ] localhost/tp5/public/index.php/test/demo/index [运行时间：0.023148s][吞吐率：43.20req/s] [内存消耗：1,048.95kb] [文件加载：26]
[ info ] [ LANG ] D:\phpStudy\WWW\tp5\thinkphp\lang\zh-cn.php
[ info ] [ ROUTE ] array (
  'type' => 'module',
  'module' => 
  array (
    0 => 'test',
    1 => 'demo',
    2 => 'index',
  ),
)
[ info ] [ HEADER ] array (
  'host' => 'localhost',
  'connection' => 'keep-alive',
  'cache-control' => 'max-age=0',
  'user-agent' => 'Mozilla/5.0 (Windows NT 10.0; WOW64) AppleWebKit/537.36 (KHTML, like Gecko) Chrome/63.0.3239.84 Safari/537.36',
  'upgrade-insecure-requests' => '1',
  'accept' => 'text/html,application/xhtml+xml,application/xml;q=0.9,image/webp,image/apng,*/*;q=0.8',
  'accept-encoding' => 'gzip, deflate, br',
  'accept-language' => 'zh-CN,zh;q=0.9',
  'cookie' => 'pgv_pvi=6382216192',
)
[ info ] [ PARAM ] array (
)
[ info ] [ RUN ] app\test\controller\Demo->index[ D:\phpStudy\WWW\tp5\application\test\controller\Demo.php ]
[ info ] [ LOG ] INIT File
[ error ] [4096]Object of class think\response\View could not be converted to string[D:\phpStudy\WWW\tp5\application\test\controller\Demo.php:8]
---------------------------------------------------------------
[ 2018-01-01T12:58:51+08:00 ] 0.0.0.0 GET /tp5/public/index.php/test/demo/index
[ info ] localhost/tp5/public/index.php/test/demo/index [运行时间：0.019490s][吞吐率：51.31req/s] [内存消耗：991.37kb] [文件加载：21]
[ info ] [ LANG ] D:\phpStudy\WWW\tp5\thinkphp\lang\zh-cn.php
[ info ] [ ROUTE ] array (
  'type' => 'module',
  'module' => 
  array (
    0 => 'test',
    1 => 'demo',
    2 => 'index',
  ),
)
[ info ] [ HEADER ] array (
  'host' => 'localhost',
  'connection' => 'keep-alive',
  'cache-control' => 'max-age=0',
  'user-agent' => 'Mozilla/5.0 (Windows NT 10.0; WOW64) AppleWebKit/537.36 (KHTML, like Gecko) Chrome/63.0.3239.84 Safari/537.36',
  'upgrade-insecure-requests' => '1',
  'accept' => 'text/html,application/xhtml+xml,application/xml;q=0.9,image/webp,image/apng,*/*;q=0.8',
  'accept-encoding' => 'gzip, deflate, br',
  'accept-language' => 'zh-CN,zh;q=0.9',
  'cookie' => 'pgv_pvi=6382216192',
)
[ info ] [ PARAM ] array (
)
[ info ] [ RUN ] app\test\controller\Demo->index[ D:\phpStudy\WWW\tp5\application\test\controller\Demo.php ]
[ info ] [ LOG ] INIT File
---------------------------------------------------------------
[ 2018-01-01T12:58:53+08:00 ] 0.0.0.0 GET /tp5/public/index.php/test/demo/index
[ info ] localhost/tp5/public/index.php/test/demo/index [运行时间：0.020815s][吞吐率：48.04req/s] [内存消耗：991.08kb] [文件加载：21]
[ info ] [ LANG ] D:\phpStudy\WWW\tp5\thinkphp\lang\zh-cn.php
[ info ] [ ROUTE ] array (
  'type' => 'module',
  'module' => 
  array (
    0 => 'test',
    1 => 'demo',
    2 => 'index',
  ),
)
[ info ] [ HEADER ] array (
  'host' => 'localhost',
  'connection' => 'keep-alive',
  'cache-control' => 'max-age=0',
  'user-agent' => 'Mozilla/5.0 (Windows NT 10.0; WOW64) AppleWebKit/537.36 (KHTML, like Gecko) Chrome/63.0.3239.84 Safari/537.36',
  'upgrade-insecure-requests' => '1',
  'accept' => 'text/html,application/xhtml+xml,application/xml;q=0.9,image/webp,image/apng,*/*;q=0.8',
  'accept-encoding' => 'gzip, deflate, br',
  'accept-language' => 'zh-CN,zh;q=0.9',
  'cookie' => 'pgv_pvi=6382216192',
)
[ info ] [ PARAM ] array (
)
[ info ] [ RUN ] app\test\controller\Demo->index[ D:\phpStudy\WWW\tp5\application\test\controller\Demo.php ]
[ info ] [ LOG ] INIT File
---------------------------------------------------------------
[ 2018-01-01T12:58:53+08:00 ] 0.0.0.0 GET /tp5/public/index.php/test/demo/index
[ info ] localhost/tp5/public/index.php/test/demo/index [运行时间：0.018234s][吞吐率：54.84req/s] [内存消耗：991.37kb] [文件加载：21]
[ info ] [ LANG ] D:\phpStudy\WWW\tp5\thinkphp\lang\zh-cn.php
[ info ] [ ROUTE ] array (
  'type' => 'module',
  'module' => 
  array (
    0 => 'test',
    1 => 'demo',
    2 => 'index',
  ),
)
[ info ] [ HEADER ] array (
  'host' => 'localhost',
  'connection' => 'keep-alive',
  'cache-control' => 'max-age=0',
  'user-agent' => 'Mozilla/5.0 (Windows NT 10.0; WOW64) AppleWebKit/537.36 (KHTML, like Gecko) Chrome/63.0.3239.84 Safari/537.36',
  'upgrade-insecure-requests' => '1',
  'accept' => 'text/html,application/xhtml+xml,application/xml;q=0.9,image/webp,image/apng,*/*;q=0.8',
  'accept-encoding' => 'gzip, deflate, br',
  'accept-language' => 'zh-CN,zh;q=0.9',
  'cookie' => 'pgv_pvi=6382216192',
)
[ info ] [ PARAM ] array (
)
[ info ] [ RUN ] app\test\controller\Demo->index[ D:\phpStudy\WWW\tp5\application\test\controller\Demo.php ]
[ info ] [ LOG ] INIT File
---------------------------------------------------------------
[ 2018-01-01T12:58:53+08:00 ] 0.0.0.0 GET /tp5/public/index.php/test/demo/index
[ info ] localhost/tp5/public/index.php/test/demo/index [运行时间：0.019091s][吞吐率：52.38req/s] [内存消耗：991.37kb] [文件加载：21]
[ info ] [ LANG ] D:\phpStudy\WWW\tp5\thinkphp\lang\zh-cn.php
[ info ] [ ROUTE ] array (
  'type' => 'module',
  'module' => 
  array (
    0 => 'test',
    1 => 'demo',
    2 => 'index',
  ),
)
[ info ] [ HEADER ] array (
  'host' => 'localhost',
  'connection' => 'keep-alive',
  'cache-control' => 'max-age=0',
  'user-agent' => 'Mozilla/5.0 (Windows NT 10.0; WOW64) AppleWebKit/537.36 (KHTML, like Gecko) Chrome/63.0.3239.84 Safari/537.36',
  'upgrade-insecure-requests' => '1',
  'accept' => 'text/html,application/xhtml+xml,application/xml;q=0.9,image/webp,image/apng,*/*;q=0.8',
  'accept-encoding' => 'gzip, deflate, br',
  'accept-language' => 'zh-CN,zh;q=0.9',
  'cookie' => 'pgv_pvi=6382216192',
)
[ info ] [ PARAM ] array (
)
[ info ] [ RUN ] app\test\controller\Demo->index[ D:\phpStudy\WWW\tp5\application\test\controller\Demo.php ]
[ info ] [ LOG ] INIT File
---------------------------------------------------------------
[ 2018-01-01T12:58:54+08:00 ] 0.0.0.0 GET /tp5/public/index.php/test/demo/index
[ info ] localhost/tp5/public/index.php/test/demo/index [运行时间：0.017720s][吞吐率：56.43req/s] [内存消耗：991.37kb] [文件加载：21]
[ info ] [ LANG ] D:\phpStudy\WWW\tp5\thinkphp\lang\zh-cn.php
[ info ] [ ROUTE ] array (
  'type' => 'module',
  'module' => 
  array (
    0 => 'test',
    1 => 'demo',
    2 => 'index',
  ),
)
[ info ] [ HEADER ] array (
  'host' => 'localhost',
  'connection' => 'keep-alive',
  'cache-control' => 'max-age=0',
  'user-agent' => 'Mozilla/5.0 (Windows NT 10.0; WOW64) AppleWebKit/537.36 (KHTML, like Gecko) Chrome/63.0.3239.84 Safari/537.36',
  'upgrade-insecure-requests' => '1',
  'accept' => 'text/html,application/xhtml+xml,application/xml;q=0.9,image/webp,image/apng,*/*;q=0.8',
  'accept-encoding' => 'gzip, deflate, br',
  'accept-language' => 'zh-CN,zh;q=0.9',
  'cookie' => 'pgv_pvi=6382216192',
)
[ info ] [ PARAM ] array (
)
[ info ] [ RUN ] app\test\controller\Demo->index[ D:\phpStudy\WWW\tp5\application\test\controller\Demo.php ]
[ info ] [ LOG ] INIT File
---------------------------------------------------------------
[ 2018-01-01T12:58:54+08:00 ] 0.0.0.0 GET /tp5/public/index.php
[ info ] localhost/tp5/public/index.php [运行时间：0.052014s][吞吐率：19.23req/s] [内存消耗：1,024.73kb] [文件加载：21]
[ info ] [ LANG ] D:\phpStudy\WWW\tp5\thinkphp\lang\zh-cn.php
[ info ] [ ROUTE ] array (
  'type' => 'module',
  'module' => 
  array (
    0 => '',
    1 => NULL,
    2 => NULL,
  ),
)
[ info ] [ HEADER ] array (
  'host' => 'localhost',
  'accept-encoding' => 'compress,gzip',
  'connection' => 'Close',
)
[ info ] [ PARAM ] array (
)
[ info ] [ RUN ] app\index\controller\Index->index[ D:\phpStudy\WWW\tp5\application\index\controller\Index.php ]
[ info ] [ LOG ] INIT File
---------------------------------------------------------------
[ 2018-01-01T13:02:12+08:00 ] 0.0.0.0 GET /tp5/public/index.php/test/demo/index
[ info ] localhost/tp5/public/index.php/test/demo/index [运行时间：0.020185s][吞吐率：49.54req/s] [内存消耗：991.37kb] [文件加载：21]
[ info ] [ LANG ] D:\phpStudy\WWW\tp5\thinkphp\lang\zh-cn.php
[ info ] [ ROUTE ] array (
  'type' => 'module',
  'module' => 
  array (
    0 => 'test',
    1 => 'demo',
    2 => 'index',
  ),
)
[ info ] [ HEADER ] array (
  'host' => 'localhost',
  'connection' => 'keep-alive',
  'cache-control' => 'max-age=0',
  'user-agent' => 'Mozilla/5.0 (Windows NT 10.0; WOW64) AppleWebKit/537.36 (KHTML, like Gecko) Chrome/63.0.3239.84 Safari/537.36',
  'upgrade-insecure-requests' => '1',
  'accept' => 'text/html,application/xhtml+xml,application/xml;q=0.9,image/webp,image/apng,*/*;q=0.8',
  'accept-encoding' => 'gzip, deflate, br',
  'accept-language' => 'zh-CN,zh;q=0.9',
  'cookie' => 'pgv_pvi=6382216192',
)
[ info ] [ PARAM ] array (
)
[ info ] [ RUN ] app\test\controller\Demo->index[ D:\phpStudy\WWW\tp5\application\test\controller\Demo.php ]
[ info ] [ LOG ] INIT File
---------------------------------------------------------------
[ 2018-01-01T13:04:41+08:00 ] 0.0.0.0 GET /tp5/public/index.php/test/demo/index
[ info ] localhost/tp5/public/index.php/test/demo/index [运行时间：0.020692s][吞吐率：48.33req/s] [内存消耗：991.37kb] [文件加载：21]
[ info ] [ LANG ] D:\phpStudy\WWW\tp5\thinkphp\lang\zh-cn.php
[ info ] [ ROUTE ] array (
  'type' => 'module',
  'module' => 
  array (
    0 => 'test',
    1 => 'demo',
    2 => 'index',
  ),
)
[ info ] [ HEADER ] array (
  'host' => 'localhost',
  'connection' => 'keep-alive',
  'cache-control' => 'max-age=0',
  'user-agent' => 'Mozilla/5.0 (Windows NT 10.0; WOW64) AppleWebKit/537.36 (KHTML, like Gecko) Chrome/63.0.3239.84 Safari/537.36',
  'upgrade-insecure-requests' => '1',
  'accept' => 'text/html,application/xhtml+xml,application/xml;q=0.9,image/webp,image/apng,*/*;q=0.8',
  'accept-encoding' => 'gzip, deflate, br',
  'accept-language' => 'zh-CN,zh;q=0.9',
  'cookie' => 'pgv_pvi=6382216192',
)
[ info ] [ PARAM ] array (
)
[ info ] [ RUN ] app\test\controller\Demo->index[ D:\phpStudy\WWW\tp5\application\test\controller\Demo.php ]
[ info ] [ LOG ] INIT File
