---------------------------------------------------------------
[ 2017-12-30T09:56:12+08:00 ] 0.0.0.0 GET /tp5/public/index.php/index/index/address?UserId=1
[ info ] localhost/tp5/public/index.php/index/index/address?UserId=1 [è¿è¡Œæ—¶é—´ï¼š1.746711s][åžåçŽ‡ï¼š0.57req/s] [å†…å­˜æ¶ˆè€—ï¼š1,771.73kb] [æ–‡ä»¶åŠ è½½ï¼š29]
[ info ] [ LANG ] D:\phpStudy\WWW\tp5\thinkphp\lang\zh-cn.php
[ info ] [ ROUTE ] array (
  'type' => 'module',
  'module' => 
  array (
    0 => 'index',
    1 => 'index',
    2 => 'address',
  ),
)
[ info ] [ HEADER ] array (
  'host' => 'localhost',
  'connection' => 'keep-alive',
  'accept' => 'application/json, text/plain, */*',
  'origin' => 'http://localhost:8080',
  'user-agent' => 'Mozilla/5.0 (Linux; Android 5.0; SM-G900P Build/LRX21T) AppleWebKit/537.36 (KHTML, like Gecko) Chrome/63.0.3239.84 Mobile Safari/537.36',
  'referer' => 'http://localhost:8080/module/main.html',
  'accept-encoding' => 'gzip, deflate, br',
  'accept-language' => 'zh-CN,zh;q=0.9',
)
[ info ] [ PARAM ] array (
  'UserId' => '1',
)
[ info ] [ RUN ] app\index\controller\Index->address[ D:\phpStudy\WWW\tp5\application\index\controller\Index.php ]
[ info ] [ DB ] INIT mysql
[ info ] [ LOG ] INIT File
[ error ] [2002]SQLSTATE[HY000] [2002] ÓÉÓÚÄ¿±ê¼ÆËã»ú»ý¼«¾Ü¾ø£¬ÎÞ·¨Á¬½Ó¡£
[D:\phpStudy\WWW\tp5\thinkphp\library\think\db\Connection.php:293]
---------------------------------------------------------------
[ 2017-12-30T10:23:22+08:00 ] 0.0.0.0 GET /tp5/public/index.php/index/index/getBanner
[ info ] localhost/tp5/public/index.php/index/index/getBanner [è¿è¡Œæ—¶é—´ï¼š2.045603s][åžåçŽ‡ï¼š0.49req/s] [å†…å­˜æ¶ˆè€—ï¼š1,071.34kb] [æ–‡ä»¶åŠ è½½ï¼š25]
[ info ] [ LANG ] D:\phpStudy\WWW\tp5\thinkphp\lang\zh-cn.php
[ info ] [ ROUTE ] array (
  'type' => 'module',
  'module' => 
  array (
    0 => 'index',
    1 => 'index',
    2 => 'getBanner',
  ),
)
[ info ] [ HEADER ] array (
  'host' => 'localhost',
  'connection' => 'keep-alive',
  'accept' => 'application/json, text/plain, */*',
  'origin' => 'http://localhost:8080',
  'user-agent' => 'Mozilla/5.0 (Windows NT 10.0; WOW64) AppleWebKit/537.36 (KHTML, like Gecko) Chrome/63.0.3239.84 Safari/537.36',
  'referer' => 'http://localhost:8080/module/main.html',
  'accept-encoding' => 'gzip, deflate, br',
  'accept-language' => 'zh-CN,zh;q=0.9',
)
[ info ] [ PARAM ] array (
)
[ info ] [ RUN ] app\index\controller\Index->getBanner[ D:\phpStudy\WWW\tp5\application\index\controller\Index.php ]
[ info ] [ LOG ] INIT File
[ error ] [2]mysqli_connect(): [D:\phpStudy\WWW\tp5\application\index\controller\Index.php:34]
---------------------------------------------------------------
[ 2017-12-30T10:23:22+08:00 ] 0.0.0.0 GET /tp5/public/index.php/index/index/productList?nowPage=1&pageSize=2
[ info ] localhost/tp5/public/index.php/index/index/productList?nowPage=1&pageSize=2 [è¿è¡Œæ—¶é—´ï¼š2.060919s][åžåçŽ‡ï¼š0.49req/s] [å†…å­˜æ¶ˆè€—ï¼š1,071.88kb] [æ–‡ä»¶åŠ è½½ï¼š25]
[ info ] [ LANG ] D:\phpStudy\WWW\tp5\thinkphp\lang\zh-cn.php
[ info ] [ ROUTE ] array (
  'type' => 'module',
  'module' => 
  array (
    0 => 'index',
    1 => 'index',
    2 => 'productList',
  ),
)
[ info ] [ HEADER ] array (
  'host' => 'localhost',
  'connection' => 'keep-alive',
  'accept' => 'application/json, text/plain, */*',
  'origin' => 'http://localhost:8080',
  'user-agent' => 'Mozilla/5.0 (Windows NT 10.0; WOW64) AppleWebKit/537.36 (KHTML, like Gecko) Chrome/63.0.3239.84 Safari/537.36',
  'referer' => 'http://localhost:8080/module/main.html',
  'accept-encoding' => 'gzip, deflate, br',
  'accept-language' => 'zh-CN,zh;q=0.9',
)
[ info ] [ PARAM ] array (
  'nowPage' => '1',
  'pageSize' => '2',
)
[ info ] [ RUN ] app\index\controller\Index->productList[ D:\phpStudy\WWW\tp5\application\index\controller\Index.php ]
[ info ] [ LOG ] INIT File
[ error ] [2]mysqli_connect(): [D:\phpStudy\WWW\tp5\application\index\controller\Index.php:61]
---------------------------------------------------------------
[ 2017-12-30T10:51:51+08:00 ] 0.0.0.0 GET /tp5/public/index.php/index/index/productList?nowPage=1&pageSize=2
[ info ] localhost/tp5/public/index.php/index/index/productList?nowPage=1&pageSize=2 [è¿è¡Œæ—¶é—´ï¼š2.054091s][åžåçŽ‡ï¼š0.49req/s] [å†…å­˜æ¶ˆè€—ï¼š1,071.49kb] [æ–‡ä»¶åŠ è½½ï¼š25]
[ info ] [ LANG ] D:\phpStudy\WWW\tp5\thinkphp\lang\zh-cn.php
[ info ] [ ROUTE ] array (
  'type' => 'module',
  'module' => 
  array (
    0 => 'index',
    1 => 'index',
    2 => 'productList',
  ),
)
[ info ] [ HEADER ] array (
  'host' => 'localhost',
  'connection' => 'keep-alive',
  'accept' => 'application/json, text/plain, */*',
  'origin' => 'http://localhost:8080',
  'user-agent' => 'Mozilla/5.0 (Windows NT 10.0; WOW64) AppleWebKit/537.36 (KHTML, like Gecko) Chrome/63.0.3239.84 Safari/537.36',
  'referer' => 'http://localhost:8080/module/main.html',
  'accept-encoding' => 'gzip, deflate, br',
  'accept-language' => 'zh-CN,zh;q=0.9',
)
[ info ] [ PARAM ] array (
  'nowPage' => '1',
  'pageSize' => '2',
)
[ info ] [ RUN ] app\index\controller\Index->productList[ D:\phpStudy\WWW\tp5\application\index\controller\Index.php ]
[ info ] [ LOG ] INIT File
[ error ] [2]mysqli_connect(): [D:\phpStudy\WWW\tp5\application\index\controller\Index.php:61]
---------------------------------------------------------------
[ 2017-12-30T10:51:51+08:00 ] 0.0.0.0 GET /tp5/public/index.php/index/index/getBanner
[ info ] localhost/tp5/public/index.php/index/index/getBanner [è¿è¡Œæ—¶é—´ï¼š2.048452s][åžåçŽ‡ï¼š0.49req/s] [å†…å­˜æ¶ˆè€—ï¼š1,071.00kb] [æ–‡ä»¶åŠ è½½ï¼š25]
[ info ] [ LANG ] D:\phpStudy\WWW\tp5\thinkphp\lang\zh-cn.php
[ info ] [ ROUTE ] array (
  'type' => 'module',
  'module' => 
  array (
    0 => 'index',
    1 => 'index',
    2 => 'getBanner',
  ),
)
[ info ] [ HEADER ] array (
  'host' => 'localhost',
  'connection' => 'keep-alive',
  'accept' => 'application/json, text/plain, */*',
  'origin' => 'http://localhost:8080',
  'user-agent' => 'Mozilla/5.0 (Windows NT 10.0; WOW64) AppleWebKit/537.36 (KHTML, like Gecko) Chrome/63.0.3239.84 Safari/537.36',
  'referer' => 'http://localhost:8080/module/main.html',
  'accept-encoding' => 'gzip, deflate, br',
  'accept-language' => 'zh-CN,zh;q=0.9',
)
[ info ] [ PARAM ] array (
)
[ info ] [ RUN ] app\index\controller\Index->getBanner[ D:\phpStudy\WWW\tp5\application\index\controller\Index.php ]
[ info ] [ LOG ] INIT File
[ error ] [2]mysqli_connect(): [D:\phpStudy\WWW\tp5\application\index\controller\Index.php:34]
---------------------------------------------------------------
[ 2017-12-30T10:51:51+08:00 ] 0.0.0.0 GET /tp5/public/index.php
[ info ] localhost/tp5/public/index.php [è¿è¡Œæ—¶é—´ï¼š0.028895s][åžåçŽ‡ï¼š34.61req/s] [å†…å­˜æ¶ˆè€—ï¼š1,024.10kb] [æ–‡ä»¶åŠ è½½ï¼š21]
[ info ] [ LANG ] D:\phpStudy\WWW\tp5\thinkphp\lang\zh-cn.php
[ info ] [ ROUTE ] array (
  'type' => 'module',
  'module' => 
  array (
    0 => '',
    1 => NULL,
    2 => NULL,
  ),
)
[ info ] [ HEADER ] array (
  'host' => 'localhost',
  'accept-encoding' => 'compress,gzip',
  'connection' => 'Close',
)
[ info ] [ PARAM ] array (
)
[ info ] [ RUN ] app\index\controller\Index->index[ D:\phpStudy\WWW\tp5\application\index\controller\Index.php ]
[ info ] [ LOG ] INIT File
---------------------------------------------------------------
[ 2017-12-30T10:51:51+08:00 ] 0.0.0.0 GET /tp5/public/index.php
[ info ] localhost/tp5/public/index.php [è¿è¡Œæ—¶é—´ï¼š0.026067s][åžåçŽ‡ï¼š38.36req/s] [å†…å­˜æ¶ˆè€—ï¼š1,024.10kb] [æ–‡ä»¶åŠ è½½ï¼š21]
[ info ] [ LANG ] D:\phpStudy\WWW\tp5\thinkphp\lang\zh-cn.php
[ info ] [ ROUTE ] array (
  'type' => 'module',
  'module' => 
  array (
    0 => '',
    1 => NULL,
    2 => NULL,
  ),
)
[ info ] [ HEADER ] array (
  'host' => 'localhost',
  'accept-encoding' => 'compress,gzip',
  'connection' => 'Close',
)
[ info ] [ PARAM ] array (
)
[ info ] [ RUN ] app\index\controller\Index->index[ D:\phpStudy\WWW\tp5\application\index\controller\Index.php ]
[ info ] [ LOG ] INIT File
---------------------------------------------------------------
[ 2017-12-30T11:56:44+08:00 ] 0.0.0.0 GET /tp5/public/index.php/index/index/getBanner
[ info ] localhost/tp5/public/index.php/index/index/getBanner [è¿è¡Œæ—¶é—´ï¼š2.034795s][åžåçŽ‡ï¼š0.49req/s] [å†…å­˜æ¶ˆè€—ï¼š1,071.34kb] [æ–‡ä»¶åŠ è½½ï¼š25]
[ info ] [ LANG ] D:\phpStudy\WWW\tp5\thinkphp\lang\zh-cn.php
[ info ] [ ROUTE ] array (
  'type' => 'module',
  'module' => 
  array (
    0 => 'index',
    1 => 'index',
    2 => 'getBanner',
  ),
)
[ info ] [ HEADER ] array (
  'host' => 'localhost',
  'connection' => 'keep-alive',
  'accept' => 'application/json, text/plain, */*',
  'origin' => 'http://localhost:8080',
  'user-agent' => 'Mozilla/5.0 (Windows NT 10.0; WOW64) AppleWebKit/537.36 (KHTML, like Gecko) Chrome/63.0.3239.84 Safari/537.36',
  'referer' => 'http://localhost:8080/module/main.html',
  'accept-encoding' => 'gzip, deflate, br',
  'accept-language' => 'zh-CN,zh;q=0.9',
)
[ info ] [ PARAM ] array (
)
[ info ] [ RUN ] app\index\controller\Index->getBanner[ D:\phpStudy\WWW\tp5\application\index\controller\Index.php ]
[ info ] [ LOG ] INIT File
[ error ] [2]mysqli_connect(): [D:\phpStudy\WWW\tp5\application\index\controller\Index.php:34]
---------------------------------------------------------------
[ 2017-12-30T11:56:44+08:00 ] 0.0.0.0 GET /tp5/public/index.php/index/index/productList?nowPage=1&pageSize=2
[ info ] localhost/tp5/public/index.php/index/index/productList?nowPage=1&pageSize=2 [è¿è¡Œæ—¶é—´ï¼š2.035583s][åžåçŽ‡ï¼š0.49req/s] [å†…å­˜æ¶ˆè€—ï¼š1,071.86kb] [æ–‡ä»¶åŠ è½½ï¼š25]
[ info ] [ LANG ] D:\phpStudy\WWW\tp5\thinkphp\lang\zh-cn.php
[ info ] [ ROUTE ] array (
  'type' => 'module',
  'module' => 
  array (
    0 => 'index',
    1 => 'index',
    2 => 'productList',
  ),
)
[ info ] [ HEADER ] array (
  'host' => 'localhost',
  'connection' => 'keep-alive',
  'accept' => 'application/json, text/plain, */*',
  'origin' => 'http://localhost:8080',
  'user-agent' => 'Mozilla/5.0 (Windows NT 10.0; WOW64) AppleWebKit/537.36 (KHTML, like Gecko) Chrome/63.0.3239.84 Safari/537.36',
  'referer' => 'http://localhost:8080/module/main.html',
  'accept-encoding' => 'gzip, deflate, br',
  'accept-language' => 'zh-CN,zh;q=0.9',
)
[ info ] [ PARAM ] array (
  'nowPage' => '1',
  'pageSize' => '2',
)
[ info ] [ RUN ] app\index\controller\Index->productList[ D:\phpStudy\WWW\tp5\application\index\controller\Index.php ]
[ info ] [ LOG ] INIT File
[ error ] [2]mysqli_connect(): [D:\phpStudy\WWW\tp5\application\index\controller\Index.php:61]
---------------------------------------------------------------
[ 2017-12-30T11:56:56+08:00 ] 0.0.0.0 GET /tp5/public/index.php/index/index/yreight?type=2
[ info ] localhost/tp5/public/index.php/index/index/yreight?type=2 [è¿è¡Œæ—¶é—´ï¼š0.014969s][åžåçŽ‡ï¼š66.81req/s] [å†…å­˜æ¶ˆè€—ï¼š1,026.93kb] [æ–‡ä»¶åŠ è½½ï¼š21]
[ info ] [ LANG ] D:\phpStudy\WWW\tp5\thinkphp\lang\zh-cn.php
[ info ] [ ROUTE ] array (
  'type' => 'module',
  'module' => 
  array (
    0 => 'index',
    1 => 'index',
    2 => 'yreight',
  ),
)
[ info ] [ HEADER ] array (
  'host' => 'localhost',
  'connection' => 'keep-alive',
  'accept' => 'application/json, text/plain, */*',
  'origin' => 'http://localhost:8080',
  'user-agent' => 'Mozilla/5.0 (Windows NT 10.0; WOW64) AppleWebKit/537.36 (KHTML, like Gecko) Chrome/63.0.3239.84 Safari/537.36',
  'referer' => 'http://localhost:8080/module/main.html',
  'accept-encoding' => 'gzip, deflate, br',
  'accept-language' => 'zh-CN,zh;q=0.9',
)
[ info ] [ PARAM ] array (
  'type' => '2',
)
[ info ] [ RUN ] app\index\controller\Index->yreight[ D:\phpStudy\WWW\tp5\application\index\controller\Index.php ]
[ info ] [ LOG ] INIT File
---------------------------------------------------------------
[ 2017-12-30T11:56:56+08:00 ] 0.0.0.0 GET /tp5/public/index.php/index/index/yreight?type=2
[ info ] localhost/tp5/public/index.php/index/index/yreight?type=2 [è¿è¡Œæ—¶é—´ï¼š0.015799s][åžåçŽ‡ï¼š63.29req/s] [å†…å­˜æ¶ˆè€—ï¼š1,026.96kb] [æ–‡ä»¶åŠ è½½ï¼š21]
[ info ] [ LANG ] D:\phpStudy\WWW\tp5\thinkphp\lang\zh-cn.php
[ info ] [ ROUTE ] array (
  'type' => 'module',
  'module' => 
  array (
    0 => 'index',
    1 => 'index',
    2 => 'yreight',
  ),
)
[ info ] [ HEADER ] array (
  'host' => 'localhost',
  'connection' => 'keep-alive',
  'accept' => 'application/json, text/plain, */*',
  'origin' => 'http://localhost:8080',
  'user-agent' => 'Mozilla/5.0 (Windows NT 10.0; WOW64) AppleWebKit/537.36 (KHTML, like Gecko) Chrome/63.0.3239.84 Safari/537.36',
  'referer' => 'http://localhost:8080/module/main.html',
  'accept-encoding' => 'gzip, deflate, br',
  'accept-language' => 'zh-CN,zh;q=0.9',
)
[ info ] [ PARAM ] array (
  'type' => '2',
)
[ info ] [ RUN ] app\index\controller\Index->yreight[ D:\phpStudy\WWW\tp5\application\index\controller\Index.php ]
[ info ] [ LOG ] INIT File
---------------------------------------------------------------
[ 2017-12-30T11:57:00+08:00 ] 0.0.0.0 GET /tp5/public/index.php/index/index/yreight?type=1
[ info ] localhost/tp5/public/index.php/index/index/yreight?type=1 [è¿è¡Œæ—¶é—´ï¼š0.017261s][åžåçŽ‡ï¼š57.93req/s] [å†…å­˜æ¶ˆè€—ï¼š1,026.96kb] [æ–‡ä»¶åŠ è½½ï¼š21]
[ info ] [ LANG ] D:\phpStudy\WWW\tp5\thinkphp\lang\zh-cn.php
[ info ] [ ROUTE ] array (
  'type' => 'module',
  'module' => 
  array (
    0 => 'index',
    1 => 'index',
    2 => 'yreight',
  ),
)
[ info ] [ HEADER ] array (
  'host' => 'localhost',
  'connection' => 'keep-alive',
  'accept' => 'application/json, text/plain, */*',
  'origin' => 'http://localhost:8080',
  'user-agent' => 'Mozilla/5.0 (Windows NT 10.0; WOW64) AppleWebKit/537.36 (KHTML, like Gecko) Chrome/63.0.3239.84 Safari/537.36',
  'referer' => 'http://localhost:8080/module/main.html',
  'accept-encoding' => 'gzip, deflate, br',
  'accept-language' => 'zh-CN,zh;q=0.9',
)
[ info ] [ PARAM ] array (
  'type' => '1',
)
[ info ] [ RUN ] app\index\controller\Index->yreight[ D:\phpStudy\WWW\tp5\application\index\controller\Index.php ]
[ info ] [ LOG ] INIT File
---------------------------------------------------------------
[ 2017-12-30T11:57:01+08:00 ] 0.0.0.0 GET /tp5/public/index.php/index/index/yreight?type=2
[ info ] localhost/tp5/public/index.php/index/index/yreight?type=2 [è¿è¡Œæ—¶é—´ï¼š0.016516s][åžåçŽ‡ï¼š60.55req/s] [å†…å­˜æ¶ˆè€—ï¼š1,026.96kb] [æ–‡ä»¶åŠ è½½ï¼š21]
[ info ] [ LANG ] D:\phpStudy\WWW\tp5\thinkphp\lang\zh-cn.php
[ info ] [ ROUTE ] array (
  'type' => 'module',
  'module' => 
  array (
    0 => 'index',
    1 => 'index',
    2 => 'yreight',
  ),
)
[ info ] [ HEADER ] array (
  'host' => 'localhost',
  'connection' => 'keep-alive',
  'accept' => 'application/json, text/plain, */*',
  'origin' => 'http://localhost:8080',
  'user-agent' => 'Mozilla/5.0 (Windows NT 10.0; WOW64) AppleWebKit/537.36 (KHTML, like Gecko) Chrome/63.0.3239.84 Safari/537.36',
  'referer' => 'http://localhost:8080/module/main.html',
  'accept-encoding' => 'gzip, deflate, br',
  'accept-language' => 'zh-CN,zh;q=0.9',
)
[ info ] [ PARAM ] array (
  'type' => '2',
)
[ info ] [ RUN ] app\index\controller\Index->yreight[ D:\phpStudy\WWW\tp5\application\index\controller\Index.php ]
[ info ] [ LOG ] INIT File
---------------------------------------------------------------
[ 2017-12-30T11:57:02+08:00 ] 0.0.0.0 GET /tp5/public/index.php/index/index/yreight?type=2
[ info ] localhost/tp5/public/index.php/index/index/yreight?type=2 [è¿è¡Œæ—¶é—´ï¼š0.017024s][åžåçŽ‡ï¼š58.74req/s] [å†…å­˜æ¶ˆè€—ï¼š1,026.96kb] [æ–‡ä»¶åŠ è½½ï¼š21]
[ info ] [ LANG ] D:\phpStudy\WWW\tp5\thinkphp\lang\zh-cn.php
[ info ] [ ROUTE ] array (
  'type' => 'module',
  'module' => 
  array (
    0 => 'index',
    1 => 'index',
    2 => 'yreight',
  ),
)
[ info ] [ HEADER ] array (
  'host' => 'localhost',
  'connection' => 'keep-alive',
  'accept' => 'application/json, text/plain, */*',
  'origin' => 'http://localhost:8080',
  'user-agent' => 'Mozilla/5.0 (Windows NT 10.0; WOW64) AppleWebKit/537.36 (KHTML, like Gecko) Chrome/63.0.3239.84 Safari/537.36',
  'referer' => 'http://localhost:8080/module/main.html',
  'accept-encoding' => 'gzip, deflate, br',
  'accept-language' => 'zh-CN,zh;q=0.9',
)
[ info ] [ PARAM ] array (
  'type' => '2',
)
[ info ] [ RUN ] app\index\controller\Index->yreight[ D:\phpStudy\WWW\tp5\application\index\controller\Index.php ]
[ info ] [ LOG ] INIT File
---------------------------------------------------------------
[ 2017-12-30T11:57:02+08:00 ] 0.0.0.0 GET /tp5/public/index.php/index/index/yreight?type=2
[ info ] localhost/tp5/public/index.php/index/index/yreight?type=2 [è¿è¡Œæ—¶é—´ï¼š0.013911s][åžåçŽ‡ï¼š71.89req/s] [å†…å­˜æ¶ˆè€—ï¼š1,026.96kb] [æ–‡ä»¶åŠ è½½ï¼š21]
[ info ] [ LANG ] D:\phpStudy\WWW\tp5\thinkphp\lang\zh-cn.php
[ info ] [ ROUTE ] array (
  'type' => 'module',
  'module' => 
  array (
    0 => 'index',
    1 => 'index',
    2 => 'yreight',
  ),
)
[ info ] [ HEADER ] array (
  'host' => 'localhost',
  'connection' => 'keep-alive',
  'accept' => 'application/json, text/plain, */*',
  'origin' => 'http://localhost:8080',
  'user-agent' => 'Mozilla/5.0 (Windows NT 10.0; WOW64) AppleWebKit/537.36 (KHTML, like Gecko) Chrome/63.0.3239.84 Safari/537.36',
  'referer' => 'http://localhost:8080/module/main.html',
  'accept-encoding' => 'gzip, deflate, br',
  'accept-language' => 'zh-CN,zh;q=0.9',
)
[ info ] [ PARAM ] array (
  'type' => '2',
)
[ info ] [ RUN ] app\index\controller\Index->yreight[ D:\phpStudy\WWW\tp5\application\index\controller\Index.php ]
[ info ] [ LOG ] INIT File
---------------------------------------------------------------
[ 2017-12-30T11:57:03+08:00 ] 0.0.0.0 GET /tp5/public/index.php/index/index/yreight?type=1
[ info ] localhost/tp5/public/index.php/index/index/yreight?type=1 [è¿è¡Œæ—¶é—´ï¼š0.019660s][åžåçŽ‡ï¼š50.86req/s] [å†…å­˜æ¶ˆè€—ï¼š1,026.96kb] [æ–‡ä»¶åŠ è½½ï¼š21]
[ info ] [ LANG ] D:\phpStudy\WWW\tp5\thinkphp\lang\zh-cn.php
[ info ] [ ROUTE ] array (
  'type' => 'module',
  'module' => 
  array (
    0 => 'index',
    1 => 'index',
    2 => 'yreight',
  ),
)
[ info ] [ HEADER ] array (
  'host' => 'localhost',
  'connection' => 'keep-alive',
  'accept' => 'application/json, text/plain, */*',
  'origin' => 'http://localhost:8080',
  'user-agent' => 'Mozilla/5.0 (Windows NT 10.0; WOW64) AppleWebKit/537.36 (KHTML, like Gecko) Chrome/63.0.3239.84 Safari/537.36',
  'referer' => 'http://localhost:8080/module/main.html',
  'accept-encoding' => 'gzip, deflate, br',
  'accept-language' => 'zh-CN,zh;q=0.9',
)
[ info ] [ PARAM ] array (
  'type' => '1',
)
[ info ] [ RUN ] app\index\controller\Index->yreight[ D:\phpStudy\WWW\tp5\application\index\controller\Index.php ]
[ info ] [ LOG ] INIT File
---------------------------------------------------------------
[ 2017-12-30T11:57:06+08:00 ] 0.0.0.0 GET /tp5/public/index.php/index/index/yreight?type=2
[ info ] localhost/tp5/public/index.php/index/index/yreight?type=2 [è¿è¡Œæ—¶é—´ï¼š0.018485s][åžåçŽ‡ï¼š54.10req/s] [å†…å­˜æ¶ˆè€—ï¼š1,026.96kb] [æ–‡ä»¶åŠ è½½ï¼š21]
[ info ] [ LANG ] D:\phpStudy\WWW\tp5\thinkphp\lang\zh-cn.php
[ info ] [ ROUTE ] array (
  'type' => 'module',
  'module' => 
  array (
    0 => 'index',
    1 => 'index',
    2 => 'yreight',
  ),
)
[ info ] [ HEADER ] array (
  'host' => 'localhost',
  'connection' => 'keep-alive',
  'accept' => 'application/json, text/plain, */*',
  'origin' => 'http://localhost:8080',
  'user-agent' => 'Mozilla/5.0 (Windows NT 10.0; WOW64) AppleWebKit/537.36 (KHTML, like Gecko) Chrome/63.0.3239.84 Safari/537.36',
  'referer' => 'http://localhost:8080/module/main.html',
  'accept-encoding' => 'gzip, deflate, br',
  'accept-language' => 'zh-CN,zh;q=0.9',
)
[ info ] [ PARAM ] array (
  'type' => '2',
)
[ info ] [ RUN ] app\index\controller\Index->yreight[ D:\phpStudy\WWW\tp5\application\index\controller\Index.php ]
[ info ] [ LOG ] INIT File
---------------------------------------------------------------
[ 2017-12-30T11:57:08+08:00 ] 0.0.0.0 GET /tp5/public/index.php/index/index/yreight?type=1
[ info ] localhost/tp5/public/index.php/index/index/yreight?type=1 [è¿è¡Œæ—¶é—´ï¼š0.015509s][åžåçŽ‡ï¼š64.48req/s] [å†…å­˜æ¶ˆè€—ï¼š1,026.96kb] [æ–‡ä»¶åŠ è½½ï¼š21]
[ info ] [ LANG ] D:\phpStudy\WWW\tp5\thinkphp\lang\zh-cn.php
[ info ] [ ROUTE ] array (
  'type' => 'module',
  'module' => 
  array (
    0 => 'index',
    1 => 'index',
    2 => 'yreight',
  ),
)
[ info ] [ HEADER ] array (
  'host' => 'localhost',
  'connection' => 'keep-alive',
  'accept' => 'application/json, text/plain, */*',
  'origin' => 'http://localhost:8080',
  'user-agent' => 'Mozilla/5.0 (Windows NT 10.0; WOW64) AppleWebKit/537.36 (KHTML, like Gecko) Chrome/63.0.3239.84 Safari/537.36',
  'referer' => 'http://localhost:8080/module/main.html',
  'accept-encoding' => 'gzip, deflate, br',
  'accept-language' => 'zh-CN,zh;q=0.9',
)
[ info ] [ PARAM ] array (
  'type' => '1',
)
[ info ] [ RUN ] app\index\controller\Index->yreight[ D:\phpStudy\WWW\tp5\application\index\controller\Index.php ]
[ info ] [ LOG ] INIT File
---------------------------------------------------------------
[ 2017-12-30T11:57:11+08:00 ] 0.0.0.0 GET /tp5/public/index.php/index/index/yreight?type=2
[ info ] localhost/tp5/public/index.php/index/index/yreight?type=2 [è¿è¡Œæ—¶é—´ï¼š0.016216s][åžåçŽ‡ï¼š61.67req/s] [å†…å­˜æ¶ˆè€—ï¼š1,026.96kb] [æ–‡ä»¶åŠ è½½ï¼š21]
[ info ] [ LANG ] D:\phpStudy\WWW\tp5\thinkphp\lang\zh-cn.php
[ info ] [ ROUTE ] array (
  'type' => 'module',
  'module' => 
  array (
    0 => 'index',
    1 => 'index',
    2 => 'yreight',
  ),
)
[ info ] [ HEADER ] array (
  'host' => 'localhost',
  'connection' => 'keep-alive',
  'accept' => 'application/json, text/plain, */*',
  'origin' => 'http://localhost:8080',
  'user-agent' => 'Mozilla/5.0 (Windows NT 10.0; WOW64) AppleWebKit/537.36 (KHTML, like Gecko) Chrome/63.0.3239.84 Safari/537.36',
  'referer' => 'http://localhost:8080/module/main.html',
  'accept-encoding' => 'gzip, deflate, br',
  'accept-language' => 'zh-CN,zh;q=0.9',
)
[ info ] [ PARAM ] array (
  'type' => '2',
)
[ info ] [ RUN ] app\index\controller\Index->yreight[ D:\phpStudy\WWW\tp5\application\index\controller\Index.php ]
[ info ] [ LOG ] INIT File
---------------------------------------------------------------
[ 2017-12-30T12:03:22+08:00 ] 0.0.0.0 GET /tp5/public/index.php/index/index/yreight?type=2
[ info ] localhost/tp5/public/index.php/index/index/yreight?type=2 [è¿è¡Œæ—¶é—´ï¼š0.017087s][åžåçŽ‡ï¼š58.52req/s] [å†…å­˜æ¶ˆè€—ï¼š1,026.96kb] [æ–‡ä»¶åŠ è½½ï¼š21]
[ info ] [ LANG ] D:\phpStudy\WWW\tp5\thinkphp\lang\zh-cn.php
[ info ] [ ROUTE ] array (
  'type' => 'module',
  'module' => 
  array (
    0 => 'index',
    1 => 'index',
    2 => 'yreight',
  ),
)
[ info ] [ HEADER ] array (
  'host' => 'localhost',
  'connection' => 'keep-alive',
  'accept' => 'application/json, text/plain, */*',
  'origin' => 'http://localhost:8080',
  'user-agent' => 'Mozilla/5.0 (Windows NT 10.0; WOW64) AppleWebKit/537.36 (KHTML, like Gecko) Chrome/63.0.3239.84 Safari/537.36',
  'referer' => 'http://localhost:8080/module/main.html',
  'accept-encoding' => 'gzip, deflate, br',
  'accept-language' => 'zh-CN,zh;q=0.9',
)
[ info ] [ PARAM ] array (
  'type' => '2',
)
[ info ] [ RUN ] app\index\controller\Index->yreight[ D:\phpStudy\WWW\tp5\application\index\controller\Index.php ]
[ info ] [ LOG ] INIT File
---------------------------------------------------------------
[ 2017-12-30T12:03:22+08:00 ] 0.0.0.0 GET /tp5/public/index.php/index/index/yreight?type=2
[ info ] localhost/tp5/public/index.php/index/index/yreight?type=2 [è¿è¡Œæ—¶é—´ï¼š0.014593s][åžåçŽ‡ï¼š68.53req/s] [å†…å­˜æ¶ˆè€—ï¼š1,026.96kb] [æ–‡ä»¶åŠ è½½ï¼š21]
[ info ] [ LANG ] D:\phpStudy\WWW\tp5\thinkphp\lang\zh-cn.php
[ info ] [ ROUTE ] array (
  'type' => 'module',
  'module' => 
  array (
    0 => 'index',
    1 => 'index',
    2 => 'yreight',
  ),
)
[ info ] [ HEADER ] array (
  'host' => 'localhost',
  'connection' => 'keep-alive',
  'accept' => 'application/json, text/plain, */*',
  'origin' => 'http://localhost:8080',
  'user-agent' => 'Mozilla/5.0 (Windows NT 10.0; WOW64) AppleWebKit/537.36 (KHTML, like Gecko) Chrome/63.0.3239.84 Safari/537.36',
  'referer' => 'http://localhost:8080/module/main.html',
  'accept-encoding' => 'gzip, deflate, br',
  'accept-language' => 'zh-CN,zh;q=0.9',
)
[ info ] [ PARAM ] array (
  'type' => '2',
)
[ info ] [ RUN ] app\index\controller\Index->yreight[ D:\phpStudy\WWW\tp5\application\index\controller\Index.php ]
[ info ] [ LOG ] INIT File
---------------------------------------------------------------
[ 2017-12-30T12:04:01+08:00 ] 0.0.0.0 GET /tp5/public/index.php/index/index/yreight?type=2
[ info ] localhost/tp5/public/index.php/index/index/yreight?type=2 [è¿è¡Œæ—¶é—´ï¼š0.015243s][åžåçŽ‡ï¼š65.60req/s] [å†…å­˜æ¶ˆè€—ï¼š1,026.96kb] [æ–‡ä»¶åŠ è½½ï¼š21]
[ info ] [ LANG ] D:\phpStudy\WWW\tp5\thinkphp\lang\zh-cn.php
[ info ] [ ROUTE ] array (
  'type' => 'module',
  'module' => 
  array (
    0 => 'index',
    1 => 'index',
    2 => 'yreight',
  ),
)
[ info ] [ HEADER ] array (
  'host' => 'localhost',
  'connection' => 'keep-alive',
  'accept' => 'application/json, text/plain, */*',
  'origin' => 'http://localhost:8080',
  'user-agent' => 'Mozilla/5.0 (Windows NT 10.0; WOW64) AppleWebKit/537.36 (KHTML, like Gecko) Chrome/63.0.3239.84 Safari/537.36',
  'referer' => 'http://localhost:8080/module/main.html',
  'accept-encoding' => 'gzip, deflate, br',
  'accept-language' => 'zh-CN,zh;q=0.9',
)
[ info ] [ PARAM ] array (
  'type' => '2',
)
[ info ] [ RUN ] app\index\controller\Index->yreight[ D:\phpStudy\WWW\tp5\application\index\controller\Index.php ]
[ info ] [ LOG ] INIT File
---------------------------------------------------------------
[ 2017-12-30T12:04:01+08:00 ] 0.0.0.0 GET /tp5/public/index.php/index/index/yreight?type=2
[ info ] localhost/tp5/public/index.php/index/index/yreight?type=2 [è¿è¡Œæ—¶é—´ï¼š0.015093s][åžåçŽ‡ï¼š66.26req/s] [å†…å­˜æ¶ˆè€—ï¼š1,026.96kb] [æ–‡ä»¶åŠ è½½ï¼š21]
[ info ] [ LANG ] D:\phpStudy\WWW\tp5\thinkphp\lang\zh-cn.php
[ info ] [ ROUTE ] array (
  'type' => 'module',
  'module' => 
  array (
    0 => 'index',
    1 => 'index',
    2 => 'yreight',
  ),
)
[ info ] [ HEADER ] array (
  'host' => 'localhost',
  'connection' => 'keep-alive',
  'accept' => 'application/json, text/plain, */*',
  'origin' => 'http://localhost:8080',
  'user-agent' => 'Mozilla/5.0 (Windows NT 10.0; WOW64) AppleWebKit/537.36 (KHTML, like Gecko) Chrome/63.0.3239.84 Safari/537.36',
  'referer' => 'http://localhost:8080/module/main.html',
  'accept-encoding' => 'gzip, deflate, br',
  'accept-language' => 'zh-CN,zh;q=0.9',
)
[ info ] [ PARAM ] array (
  'type' => '2',
)
[ info ] [ RUN ] app\index\controller\Index->yreight[ D:\phpStudy\WWW\tp5\application\index\controller\Index.php ]
[ info ] [ LOG ] INIT File
---------------------------------------------------------------
[ 2017-12-30T12:05:30+08:00 ] 0.0.0.0 GET /tp5/public/index.php/index/index/yreight?type=2
[ info ] localhost/tp5/public/index.php/index/index/yreight?type=2 [è¿è¡Œæ—¶é—´ï¼š0.019317s][åžåçŽ‡ï¼š51.77req/s] [å†…å­˜æ¶ˆè€—ï¼š1,026.96kb] [æ–‡ä»¶åŠ è½½ï¼š21]
[ info ] [ LANG ] D:\phpStudy\WWW\tp5\thinkphp\lang\zh-cn.php
[ info ] [ ROUTE ] array (
  'type' => 'module',
  'module' => 
  array (
    0 => 'index',
    1 => 'index',
    2 => 'yreight',
  ),
)
[ info ] [ HEADER ] array (
  'host' => 'localhost',
  'connection' => 'keep-alive',
  'accept' => 'application/json, text/plain, */*',
  'origin' => 'http://localhost:8080',
  'user-agent' => 'Mozilla/5.0 (Windows NT 10.0; WOW64) AppleWebKit/537.36 (KHTML, like Gecko) Chrome/63.0.3239.84 Safari/537.36',
  'referer' => 'http://localhost:8080/module/main.html',
  'accept-encoding' => 'gzip, deflate, br',
  'accept-language' => 'zh-CN,zh;q=0.9',
)
[ info ] [ PARAM ] array (
  'type' => '2',
)
[ info ] [ RUN ] app\index\controller\Index->yreight[ D:\phpStudy\WWW\tp5\application\index\controller\Index.php ]
[ info ] [ LOG ] INIT File
---------------------------------------------------------------
[ 2017-12-30T12:05:30+08:00 ] 0.0.0.0 GET /tp5/public/index.php/index/index/yreight?type=2
[ info ] localhost/tp5/public/index.php/index/index/yreight?type=2 [è¿è¡Œæ—¶é—´ï¼š0.015891s][åžåçŽ‡ï¼š62.93req/s] [å†…å­˜æ¶ˆè€—ï¼š1,026.96kb] [æ–‡ä»¶åŠ è½½ï¼š21]
[ info ] [ LANG ] D:\phpStudy\WWW\tp5\thinkphp\lang\zh-cn.php
[ info ] [ ROUTE ] array (
  'type' => 'module',
  'module' => 
  array (
    0 => 'index',
    1 => 'index',
    2 => 'yreight',
  ),
)
[ info ] [ HEADER ] array (
  'host' => 'localhost',
  'connection' => 'keep-alive',
  'accept' => 'application/json, text/plain, */*',
  'origin' => 'http://localhost:8080',
  'user-agent' => 'Mozilla/5.0 (Windows NT 10.0; WOW64) AppleWebKit/537.36 (KHTML, like Gecko) Chrome/63.0.3239.84 Safari/537.36',
  'referer' => 'http://localhost:8080/module/main.html',
  'accept-encoding' => 'gzip, deflate, br',
  'accept-language' => 'zh-CN,zh;q=0.9',
)
[ info ] [ PARAM ] array (
  'type' => '2',
)
[ info ] [ RUN ] app\index\controller\Index->yreight[ D:\phpStudy\WWW\tp5\application\index\controller\Index.php ]
[ info ] [ LOG ] INIT File
---------------------------------------------------------------
[ 2017-12-30T12:06:25+08:00 ] 0.0.0.0 GET /tp5/public/index.php/index/index/yreight?type=2
[ info ] localhost/tp5/public/index.php/index/index/yreight?type=2 [è¿è¡Œæ—¶é—´ï¼š0.015676s][åžåçŽ‡ï¼š63.79req/s] [å†…å­˜æ¶ˆè€—ï¼š1,026.96kb] [æ–‡ä»¶åŠ è½½ï¼š21]
[ info ] [ LANG ] D:\phpStudy\WWW\tp5\thinkphp\lang\zh-cn.php
[ info ] [ ROUTE ] array (
  'type' => 'module',
  'module' => 
  array (
    0 => 'index',
    1 => 'index',
    2 => 'yreight',
  ),
)
[ info ] [ HEADER ] array (
  'host' => 'localhost',
  'connection' => 'keep-alive',
  'accept' => 'application/json, text/plain, */*',
  'origin' => 'http://localhost:8080',
  'user-agent' => 'Mozilla/5.0 (Windows NT 10.0; WOW64) AppleWebKit/537.36 (KHTML, like Gecko) Chrome/63.0.3239.84 Safari/537.36',
  'referer' => 'http://localhost:8080/module/main.html',
  'accept-encoding' => 'gzip, deflate, br',
  'accept-language' => 'zh-CN,zh;q=0.9',
)
[ info ] [ PARAM ] array (
  'type' => '2',
)
[ info ] [ RUN ] app\index\controller\Index->yreight[ D:\phpStudy\WWW\tp5\application\index\controller\Index.php ]
[ info ] [ LOG ] INIT File
---------------------------------------------------------------
[ 2017-12-30T12:06:25+08:00 ] 0.0.0.0 GET /tp5/public/index.php/index/index/yreight?type=2
[ info ] localhost/tp5/public/index.php/index/index/yreight?type=2 [è¿è¡Œæ—¶é—´ï¼š0.015699s][åžåçŽ‡ï¼š63.70req/s] [å†…å­˜æ¶ˆè€—ï¼š1,026.96kb] [æ–‡ä»¶åŠ è½½ï¼š21]
[ info ] [ LANG ] D:\phpStudy\WWW\tp5\thinkphp\lang\zh-cn.php
[ info ] [ ROUTE ] array (
  'type' => 'module',
  'module' => 
  array (
    0 => 'index',
    1 => 'index',
    2 => 'yreight',
  ),
)
[ info ] [ HEADER ] array (
  'host' => 'localhost',
  'connection' => 'keep-alive',
  'accept' => 'application/json, text/plain, */*',
  'origin' => 'http://localhost:8080',
  'user-agent' => 'Mozilla/5.0 (Windows NT 10.0; WOW64) AppleWebKit/537.36 (KHTML, like Gecko) Chrome/63.0.3239.84 Safari/537.36',
  'referer' => 'http://localhost:8080/module/main.html',
  'accept-encoding' => 'gzip, deflate, br',
  'accept-language' => 'zh-CN,zh;q=0.9',
)
[ info ] [ PARAM ] array (
  'type' => '2',
)
[ info ] [ RUN ] app\index\controller\Index->yreight[ D:\phpStudy\WWW\tp5\application\index\controller\Index.php ]
[ info ] [ LOG ] INIT File
---------------------------------------------------------------
[ 2017-12-30T12:06:37+08:00 ] 0.0.0.0 GET /tp5/public/index.php/index/index/yreight?type=2
[ info ] localhost/tp5/public/index.php/index/index/yreight?type=2 [è¿è¡Œæ—¶é—´ï¼š0.016155s][åžåçŽ‡ï¼š61.90req/s] [å†…å­˜æ¶ˆè€—ï¼š1,026.96kb] [æ–‡ä»¶åŠ è½½ï¼š21]
[ info ] [ LANG ] D:\phpStudy\WWW\tp5\thinkphp\lang\zh-cn.php
[ info ] [ ROUTE ] array (
  'type' => 'module',
  'module' => 
  array (
    0 => 'index',
    1 => 'index',
    2 => 'yreight',
  ),
)
[ info ] [ HEADER ] array (
  'host' => 'localhost',
  'connection' => 'keep-alive',
  'accept' => 'application/json, text/plain, */*',
  'origin' => 'http://localhost:8080',
  'user-agent' => 'Mozilla/5.0 (Windows NT 10.0; WOW64) AppleWebKit/537.36 (KHTML, like Gecko) Chrome/63.0.3239.84 Safari/537.36',
  'referer' => 'http://localhost:8080/module/main.html',
  'accept-encoding' => 'gzip, deflate, br',
  'accept-language' => 'zh-CN,zh;q=0.9',
)
[ info ] [ PARAM ] array (
  'type' => '2',
)
[ info ] [ RUN ] app\index\controller\Index->yreight[ D:\phpStudy\WWW\tp5\application\index\controller\Index.php ]
[ info ] [ LOG ] INIT File
---------------------------------------------------------------
[ 2017-12-30T12:06:37+08:00 ] 0.0.0.0 GET /tp5/public/index.php/index/index/yreight?type=2
[ info ] localhost/tp5/public/index.php/index/index/yreight?type=2 [è¿è¡Œæ—¶é—´ï¼š0.015498s][åžåçŽ‡ï¼š64.52req/s] [å†…å­˜æ¶ˆè€—ï¼š1,026.96kb] [æ–‡ä»¶åŠ è½½ï¼š21]
[ info ] [ LANG ] D:\phpStudy\WWW\tp5\thinkphp\lang\zh-cn.php
[ info ] [ ROUTE ] array (
  'type' => 'module',
  'module' => 
  array (
    0 => 'index',
    1 => 'index',
    2 => 'yreight',
  ),
)
[ info ] [ HEADER ] array (
  'host' => 'localhost',
  'connection' => 'keep-alive',
  'accept' => 'application/json, text/plain, */*',
  'origin' => 'http://localhost:8080',
  'user-agent' => 'Mozilla/5.0 (Windows NT 10.0; WOW64) AppleWebKit/537.36 (KHTML, like Gecko) Chrome/63.0.3239.84 Safari/537.36',
  'referer' => 'http://localhost:8080/module/main.html',
  'accept-encoding' => 'gzip, deflate, br',
  'accept-language' => 'zh-CN,zh;q=0.9',
)
[ info ] [ PARAM ] array (
  'type' => '2',
)
[ info ] [ RUN ] app\index\controller\Index->yreight[ D:\phpStudy\WWW\tp5\application\index\controller\Index.php ]
[ info ] [ LOG ] INIT File
---------------------------------------------------------------
[ 2017-12-30T12:12:36+08:00 ] 0.0.0.0 GET /tp5/public/index.php/index/index/yreight?type=2
[ info ] localhost/tp5/public/index.php/index/index/yreight?type=2 [è¿è¡Œæ—¶é—´ï¼š0.020159s][åžåçŽ‡ï¼š49.61req/s] [å†…å­˜æ¶ˆè€—ï¼š1,026.96kb] [æ–‡ä»¶åŠ è½½ï¼š21]
[ info ] [ LANG ] D:\phpStudy\WWW\tp5\thinkphp\lang\zh-cn.php
[ info ] [ ROUTE ] array (
  'type' => 'module',
  'module' => 
  array (
    0 => 'index',
    1 => 'index',
    2 => 'yreight',
  ),
)
[ info ] [ HEADER ] array (
  'host' => 'localhost',
  'connection' => 'keep-alive',
  'accept' => 'application/json, text/plain, */*',
  'origin' => 'http://localhost:8080',
  'user-agent' => 'Mozilla/5.0 (Windows NT 10.0; WOW64) AppleWebKit/537.36 (KHTML, like Gecko) Chrome/63.0.3239.84 Safari/537.36',
  'referer' => 'http://localhost:8080/module/main.html',
  'accept-encoding' => 'gzip, deflate, br',
  'accept-language' => 'zh-CN,zh;q=0.9',
)
[ info ] [ PARAM ] array (
  'type' => '2',
)
[ info ] [ RUN ] app\index\controller\Index->yreight[ D:\phpStudy\WWW\tp5\application\index\controller\Index.php ]
[ info ] [ LOG ] INIT File
---------------------------------------------------------------
[ 2017-12-30T12:12:36+08:00 ] 0.0.0.0 GET /tp5/public/index.php/index/index/yreight?type=2
[ info ] localhost/tp5/public/index.php/index/index/yreight?type=2 [è¿è¡Œæ—¶é—´ï¼š0.015247s][åžåçŽ‡ï¼š65.59req/s] [å†…å­˜æ¶ˆè€—ï¼š1,026.96kb] [æ–‡ä»¶åŠ è½½ï¼š21]
[ info ] [ LANG ] D:\phpStudy\WWW\tp5\thinkphp\lang\zh-cn.php
[ info ] [ ROUTE ] array (
  'type' => 'module',
  'module' => 
  array (
    0 => 'index',
    1 => 'index',
    2 => 'yreight',
  ),
)
[ info ] [ HEADER ] array (
  'host' => 'localhost',
  'connection' => 'keep-alive',
  'accept' => 'application/json, text/plain, */*',
  'origin' => 'http://localhost:8080',
  'user-agent' => 'Mozilla/5.0 (Windows NT 10.0; WOW64) AppleWebKit/537.36 (KHTML, like Gecko) Chrome/63.0.3239.84 Safari/537.36',
  'referer' => 'http://localhost:8080/module/main.html',
  'accept-encoding' => 'gzip, deflate, br',
  'accept-language' => 'zh-CN,zh;q=0.9',
)
[ info ] [ PARAM ] array (
  'type' => '2',
)
[ info ] [ RUN ] app\index\controller\Index->yreight[ D:\phpStudy\WWW\tp5\application\index\controller\Index.php ]
[ info ] [ LOG ] INIT File
---------------------------------------------------------------
[ 2017-12-30T12:12:49+08:00 ] 0.0.0.0 GET /tp5/public/index.php/index/index/yreight?type=2
[ info ] localhost/tp5/public/index.php/index/index/yreight?type=2 [è¿è¡Œæ—¶é—´ï¼š0.015350s][åžåçŽ‡ï¼š65.15req/s] [å†…å­˜æ¶ˆè€—ï¼š1,026.96kb] [æ–‡ä»¶åŠ è½½ï¼š21]
[ info ] [ LANG ] D:\phpStudy\WWW\tp5\thinkphp\lang\zh-cn.php
[ info ] [ ROUTE ] array (
  'type' => 'module',
  'module' => 
  array (
    0 => 'index',
    1 => 'index',
    2 => 'yreight',
  ),
)
[ info ] [ HEADER ] array (
  'host' => 'localhost',
  'connection' => 'keep-alive',
  'accept' => 'application/json, text/plain, */*',
  'origin' => 'http://localhost:8080',
  'user-agent' => 'Mozilla/5.0 (Windows NT 10.0; WOW64) AppleWebKit/537.36 (KHTML, like Gecko) Chrome/63.0.3239.84 Safari/537.36',
  'referer' => 'http://localhost:8080/module/main.html',
  'accept-encoding' => 'gzip, deflate, br',
  'accept-language' => 'zh-CN,zh;q=0.9',
)
[ info ] [ PARAM ] array (
  'type' => '2',
)
[ info ] [ RUN ] app\index\controller\Index->yreight[ D:\phpStudy\WWW\tp5\application\index\controller\Index.php ]
[ info ] [ LOG ] INIT File
---------------------------------------------------------------
[ 2017-12-30T12:12:49+08:00 ] 0.0.0.0 GET /tp5/public/index.php/index/index/yreight?type=2
[ info ] localhost/tp5/public/index.php/index/index/yreight?type=2 [è¿è¡Œæ—¶é—´ï¼š0.015732s][åžåçŽ‡ï¼š63.56req/s] [å†…å­˜æ¶ˆè€—ï¼š1,026.96kb] [æ–‡ä»¶åŠ è½½ï¼š21]
[ info ] [ LANG ] D:\phpStudy\WWW\tp5\thinkphp\lang\zh-cn.php
[ info ] [ ROUTE ] array (
  'type' => 'module',
  'module' => 
  array (
    0 => 'index',
    1 => 'index',
    2 => 'yreight',
  ),
)
[ info ] [ HEADER ] array (
  'host' => 'localhost',
  'connection' => 'keep-alive',
  'accept' => 'application/json, text/plain, */*',
  'origin' => 'http://localhost:8080',
  'user-agent' => 'Mozilla/5.0 (Windows NT 10.0; WOW64) AppleWebKit/537.36 (KHTML, like Gecko) Chrome/63.0.3239.84 Safari/537.36',
  'referer' => 'http://localhost:8080/module/main.html',
  'accept-encoding' => 'gzip, deflate, br',
  'accept-language' => 'zh-CN,zh;q=0.9',
)
[ info ] [ PARAM ] array (
  'type' => '2',
)
[ info ] [ RUN ] app\index\controller\Index->yreight[ D:\phpStudy\WWW\tp5\application\index\controller\Index.php ]
[ info ] [ LOG ] INIT File
---------------------------------------------------------------
[ 2017-12-30T12:13:20+08:00 ] 0.0.0.0 GET /tp5/public/index.php/index/index/yreight?type=2
[ info ] localhost/tp5/public/index.php/index/index/yreight?type=2 [è¿è¡Œæ—¶é—´ï¼š0.015615s][åžåçŽ‡ï¼š64.04req/s] [å†…å­˜æ¶ˆè€—ï¼š1,026.96kb] [æ–‡ä»¶åŠ è½½ï¼š21]
[ info ] [ LANG ] D:\phpStudy\WWW\tp5\thinkphp\lang\zh-cn.php
[ info ] [ ROUTE ] array (
  'type' => 'module',
  'module' => 
  array (
    0 => 'index',
    1 => 'index',
    2 => 'yreight',
  ),
)
[ info ] [ HEADER ] array (
  'host' => 'localhost',
  'connection' => 'keep-alive',
  'accept' => 'application/json, text/plain, */*',
  'origin' => 'http://localhost:8080',
  'user-agent' => 'Mozilla/5.0 (Windows NT 10.0; WOW64) AppleWebKit/537.36 (KHTML, like Gecko) Chrome/63.0.3239.84 Safari/537.36',
  'referer' => 'http://localhost:8080/module/main.html',
  'accept-encoding' => 'gzip, deflate, br',
  'accept-language' => 'zh-CN,zh;q=0.9',
)
[ info ] [ PARAM ] array (
  'type' => '2',
)
[ info ] [ RUN ] app\index\controller\Index->yreight[ D:\phpStudy\WWW\tp5\application\index\controller\Index.php ]
[ info ] [ LOG ] INIT File
---------------------------------------------------------------
[ 2017-12-30T12:13:20+08:00 ] 0.0.0.0 GET /tp5/public/index.php/index/index/yreight?type=2
[ info ] localhost/tp5/public/index.php/index/index/yreight?type=2 [è¿è¡Œæ—¶é—´ï¼š0.016476s][åžåçŽ‡ï¼š60.69req/s] [å†…å­˜æ¶ˆè€—ï¼š1,026.96kb] [æ–‡ä»¶åŠ è½½ï¼š21]
[ info ] [ LANG ] D:\phpStudy\WWW\tp5\thinkphp\lang\zh-cn.php
[ info ] [ ROUTE ] array (
  'type' => 'module',
  'module' => 
  array (
    0 => 'index',
    1 => 'index',
    2 => 'yreight',
  ),
)
[ info ] [ HEADER ] array (
  'host' => 'localhost',
  'connection' => 'keep-alive',
  'accept' => 'application/json, text/plain, */*',
  'origin' => 'http://localhost:8080',
  'user-agent' => 'Mozilla/5.0 (Windows NT 10.0; WOW64) AppleWebKit/537.36 (KHTML, like Gecko) Chrome/63.0.3239.84 Safari/537.36',
  'referer' => 'http://localhost:8080/module/main.html',
  'accept-encoding' => 'gzip, deflate, br',
  'accept-language' => 'zh-CN,zh;q=0.9',
)
[ info ] [ PARAM ] array (
  'type' => '2',
)
[ info ] [ RUN ] app\index\controller\Index->yreight[ D:\phpStudy\WWW\tp5\application\index\controller\Index.php ]
[ info ] [ LOG ] INIT File
---------------------------------------------------------------
[ 2017-12-30T12:20:28+08:00 ] 0.0.0.0 GET /tp5/public/index.php/index/index/yreight?type=2
[ info ] localhost/tp5/public/index.php/index/index/yreight?type=2 [è¿è¡Œæ—¶é—´ï¼š0.016271s][åžåçŽ‡ï¼š61.46req/s] [å†…å­˜æ¶ˆè€—ï¼š1,026.96kb] [æ–‡ä»¶åŠ è½½ï¼š21]
[ info ] [ LANG ] D:\phpStudy\WWW\tp5\thinkphp\lang\zh-cn.php
[ info ] [ ROUTE ] array (
  'type' => 'module',
  'module' => 
  array (
    0 => 'index',
    1 => 'index',
    2 => 'yreight',
  ),
)
[ info ] [ HEADER ] array (
  'host' => 'localhost',
  'connection' => 'keep-alive',
  'accept' => 'application/json, text/plain, */*',
  'origin' => 'http://localhost:8080',
  'user-agent' => 'Mozilla/5.0 (Windows NT 10.0; WOW64) AppleWebKit/537.36 (KHTML, like Gecko) Chrome/63.0.3239.84 Safari/537.36',
  'referer' => 'http://localhost:8080/module/main.html',
  'accept-encoding' => 'gzip, deflate, br',
  'accept-language' => 'zh-CN,zh;q=0.9',
)
[ info ] [ PARAM ] array (
  'type' => '2',
)
[ info ] [ RUN ] app\index\controller\Index->yreight[ D:\phpStudy\WWW\tp5\application\index\controller\Index.php ]
[ info ] [ LOG ] INIT File
---------------------------------------------------------------
[ 2017-12-30T12:20:28+08:00 ] 0.0.0.0 GET /tp5/public/index.php/index/index/yreight?type=2
[ info ] localhost/tp5/public/index.php/index/index/yreight?type=2 [è¿è¡Œæ—¶é—´ï¼š0.015372s][åžåçŽ‡ï¼š65.05req/s] [å†…å­˜æ¶ˆè€—ï¼š1,026.96kb] [æ–‡ä»¶åŠ è½½ï¼š21]
[ info ] [ LANG ] D:\phpStudy\WWW\tp5\thinkphp\lang\zh-cn.php
[ info ] [ ROUTE ] array (
  'type' => 'module',
  'module' => 
  array (
    0 => 'index',
    1 => 'index',
    2 => 'yreight',
  ),
)
[ info ] [ HEADER ] array (
  'host' => 'localhost',
  'connection' => 'keep-alive',
  'accept' => 'application/json, text/plain, */*',
  'origin' => 'http://localhost:8080',
  'user-agent' => 'Mozilla/5.0 (Windows NT 10.0; WOW64) AppleWebKit/537.36 (KHTML, like Gecko) Chrome/63.0.3239.84 Safari/537.36',
  'referer' => 'http://localhost:8080/module/main.html',
  'accept-encoding' => 'gzip, deflate, br',
  'accept-language' => 'zh-CN,zh;q=0.9',
)
[ info ] [ PARAM ] array (
  'type' => '2',
)
[ info ] [ RUN ] app\index\controller\Index->yreight[ D:\phpStudy\WWW\tp5\application\index\controller\Index.php ]
[ info ] [ LOG ] INIT File
---------------------------------------------------------------
[ 2017-12-30T12:21:15+08:00 ] 0.0.0.0 GET /tp5/public/index.php/index/index/yreight?type=2
[ info ] localhost/tp5/public/index.php/index/index/yreight?type=2 [è¿è¡Œæ—¶é—´ï¼š0.019095s][åžåçŽ‡ï¼š52.37req/s] [å†…å­˜æ¶ˆè€—ï¼š1,026.96kb] [æ–‡ä»¶åŠ è½½ï¼š21]
[ info ] [ LANG ] D:\phpStudy\WWW\tp5\thinkphp\lang\zh-cn.php
[ info ] [ ROUTE ] array (
  'type' => 'module',
  'module' => 
  array (
    0 => 'index',
    1 => 'index',
    2 => 'yreight',
  ),
)
[ info ] [ HEADER ] array (
  'host' => 'localhost',
  'connection' => 'keep-alive',
  'accept' => 'application/json, text/plain, */*',
  'origin' => 'http://localhost:8080',
  'user-agent' => 'Mozilla/5.0 (Windows NT 10.0; WOW64) AppleWebKit/537.36 (KHTML, like Gecko) Chrome/63.0.3239.84 Safari/537.36',
  'referer' => 'http://localhost:8080/module/main.html',
  'accept-encoding' => 'gzip, deflate, br',
  'accept-language' => 'zh-CN,zh;q=0.9',
)
[ info ] [ PARAM ] array (
  'type' => '2',
)
[ info ] [ RUN ] app\index\controller\Index->yreight[ D:\phpStudy\WWW\tp5\application\index\controller\Index.php ]
[ info ] [ LOG ] INIT File
---------------------------------------------------------------
[ 2017-12-30T12:21:15+08:00 ] 0.0.0.0 GET /tp5/public/index.php/index/index/yreight?type=2
[ info ] localhost/tp5/public/index.php/index/index/yreight?type=2 [è¿è¡Œæ—¶é—´ï¼š0.017432s][åžåçŽ‡ï¼š57.37req/s] [å†…å­˜æ¶ˆè€—ï¼š1,026.96kb] [æ–‡ä»¶åŠ è½½ï¼š21]
[ info ] [ LANG ] D:\phpStudy\WWW\tp5\thinkphp\lang\zh-cn.php
[ info ] [ ROUTE ] array (
  'type' => 'module',
  'module' => 
  array (
    0 => 'index',
    1 => 'index',
    2 => 'yreight',
  ),
)
[ info ] [ HEADER ] array (
  'host' => 'localhost',
  'connection' => 'keep-alive',
  'accept' => 'application/json, text/plain, */*',
  'origin' => 'http://localhost:8080',
  'user-agent' => 'Mozilla/5.0 (Windows NT 10.0; WOW64) AppleWebKit/537.36 (KHTML, like Gecko) Chrome/63.0.3239.84 Safari/537.36',
  'referer' => 'http://localhost:8080/module/main.html',
  'accept-encoding' => 'gzip, deflate, br',
  'accept-language' => 'zh-CN,zh;q=0.9',
)
[ info ] [ PARAM ] array (
  'type' => '2',
)
[ info ] [ RUN ] app\index\controller\Index->yreight[ D:\phpStudy\WWW\tp5\application\index\controller\Index.php ]
[ info ] [ LOG ] INIT File
---------------------------------------------------------------
[ 2017-12-30T12:21:56+08:00 ] 0.0.0.0 GET /tp5/public/index.php/index/index/yreight?type=2
[ info ] localhost/tp5/public/index.php/index/index/yreight?type=2 [è¿è¡Œæ—¶é—´ï¼š0.015254s][åžåçŽ‡ï¼š65.56req/s] [å†…å­˜æ¶ˆè€—ï¼š1,026.96kb] [æ–‡ä»¶åŠ è½½ï¼š21]
[ info ] [ LANG ] D:\phpStudy\WWW\tp5\thinkphp\lang\zh-cn.php
[ info ] [ ROUTE ] array (
  'type' => 'module',
  'module' => 
  array (
    0 => 'index',
    1 => 'index',
    2 => 'yreight',
  ),
)
[ info ] [ HEADER ] array (
  'host' => 'localhost',
  'connection' => 'keep-alive',
  'accept' => 'application/json, text/plain, */*',
  'origin' => 'http://localhost:8080',
  'user-agent' => 'Mozilla/5.0 (Windows NT 10.0; WOW64) AppleWebKit/537.36 (KHTML, like Gecko) Chrome/63.0.3239.84 Safari/537.36',
  'referer' => 'http://localhost:8080/module/main.html',
  'accept-encoding' => 'gzip, deflate, br',
  'accept-language' => 'zh-CN,zh;q=0.9',
)
[ info ] [ PARAM ] array (
  'type' => '2',
)
[ info ] [ RUN ] app\index\controller\Index->yreight[ D:\phpStudy\WWW\tp5\application\index\controller\Index.php ]
[ info ] [ LOG ] INIT File
---------------------------------------------------------------
[ 2017-12-30T12:21:56+08:00 ] 0.0.0.0 GET /tp5/public/index.php/index/index/yreight?type=2
[ info ] localhost/tp5/public/index.php/index/index/yreight?type=2 [è¿è¡Œæ—¶é—´ï¼š0.019247s][åžåçŽ‡ï¼š51.96req/s] [å†…å­˜æ¶ˆè€—ï¼š1,026.96kb] [æ–‡ä»¶åŠ è½½ï¼š21]
[ info ] [ LANG ] D:\phpStudy\WWW\tp5\thinkphp\lang\zh-cn.php
[ info ] [ ROUTE ] array (
  'type' => 'module',
  'module' => 
  array (
    0 => 'index',
    1 => 'index',
    2 => 'yreight',
  ),
)
[ info ] [ HEADER ] array (
  'host' => 'localhost',
  'connection' => 'keep-alive',
  'accept' => 'application/json, text/plain, */*',
  'origin' => 'http://localhost:8080',
  'user-agent' => 'Mozilla/5.0 (Windows NT 10.0; WOW64) AppleWebKit/537.36 (KHTML, like Gecko) Chrome/63.0.3239.84 Safari/537.36',
  'referer' => 'http://localhost:8080/module/main.html',
  'accept-encoding' => 'gzip, deflate, br',
  'accept-language' => 'zh-CN,zh;q=0.9',
)
[ info ] [ PARAM ] array (
  'type' => '2',
)
[ info ] [ RUN ] app\index\controller\Index->yreight[ D:\phpStudy\WWW\tp5\application\index\controller\Index.php ]
[ info ] [ LOG ] INIT File
---------------------------------------------------------------
[ 2017-12-30T12:28:14+08:00 ] 0.0.0.0 GET /tp5/public/index.php/index/index/yreight?type=2
[ info ] localhost/tp5/public/index.php/index/index/yreight?type=2 [è¿è¡Œæ—¶é—´ï¼š0.018530s][åžåçŽ‡ï¼š53.97req/s] [å†…å­˜æ¶ˆè€—ï¼š1,026.96kb] [æ–‡ä»¶åŠ è½½ï¼š21]
[ info ] [ LANG ] D:\phpStudy\WWW\tp5\thinkphp\lang\zh-cn.php
[ info ] [ ROUTE ] array (
  'type' => 'module',
  'module' => 
  array (
    0 => 'index',
    1 => 'index',
    2 => 'yreight',
  ),
)
[ info ] [ HEADER ] array (
  'host' => 'localhost',
  'connection' => 'keep-alive',
  'accept' => 'application/json, text/plain, */*',
  'origin' => 'http://localhost:8080',
  'user-agent' => 'Mozilla/5.0 (Windows NT 10.0; WOW64) AppleWebKit/537.36 (KHTML, like Gecko) Chrome/63.0.3239.84 Safari/537.36',
  'referer' => 'http://localhost:8080/module/main.html',
  'accept-encoding' => 'gzip, deflate, br',
  'accept-language' => 'zh-CN,zh;q=0.9',
)
[ info ] [ PARAM ] array (
  'type' => '2',
)
[ info ] [ RUN ] app\index\controller\Index->yreight[ D:\phpStudy\WWW\tp5\application\index\controller\Index.php ]
[ info ] [ LOG ] INIT File
---------------------------------------------------------------
[ 2017-12-30T12:28:14+08:00 ] 0.0.0.0 GET /tp5/public/index.php/index/index/yreight?type=2
[ info ] localhost/tp5/public/index.php/index/index/yreight?type=2 [è¿è¡Œæ—¶é—´ï¼š0.016074s][åžåçŽ‡ï¼š62.21req/s] [å†…å­˜æ¶ˆè€—ï¼š1,026.96kb] [æ–‡ä»¶åŠ è½½ï¼š21]
[ info ] [ LANG ] D:\phpStudy\WWW\tp5\thinkphp\lang\zh-cn.php
[ info ] [ ROUTE ] array (
  'type' => 'module',
  'module' => 
  array (
    0 => 'index',
    1 => 'index',
    2 => 'yreight',
  ),
)
[ info ] [ HEADER ] array (
  'host' => 'localhost',
  'connection' => 'keep-alive',
  'accept' => 'application/json, text/plain, */*',
  'origin' => 'http://localhost:8080',
  'user-agent' => 'Mozilla/5.0 (Windows NT 10.0; WOW64) AppleWebKit/537.36 (KHTML, like Gecko) Chrome/63.0.3239.84 Safari/537.36',
  'referer' => 'http://localhost:8080/module/main.html',
  'accept-encoding' => 'gzip, deflate, br',
  'accept-language' => 'zh-CN,zh;q=0.9',
)
[ info ] [ PARAM ] array (
  'type' => '2',
)
[ info ] [ RUN ] app\index\controller\Index->yreight[ D:\phpStudy\WWW\tp5\application\index\controller\Index.php ]
[ info ] [ LOG ] INIT File
---------------------------------------------------------------
[ 2017-12-30T12:28:49+08:00 ] 0.0.0.0 GET /tp5/public/index.php/index/index/yreight?type=2
[ info ] localhost/tp5/public/index.php/index/index/yreight?type=2 [è¿è¡Œæ—¶é—´ï¼š0.015917s][åžåçŽ‡ï¼š62.83req/s] [å†…å­˜æ¶ˆè€—ï¼š1,026.96kb] [æ–‡ä»¶åŠ è½½ï¼š21]
[ info ] [ LANG ] D:\phpStudy\WWW\tp5\thinkphp\lang\zh-cn.php
[ info ] [ ROUTE ] array (
  'type' => 'module',
  'module' => 
  array (
    0 => 'index',
    1 => 'index',
    2 => 'yreight',
  ),
)
[ info ] [ HEADER ] array (
  'host' => 'localhost',
  'connection' => 'keep-alive',
  'accept' => 'application/json, text/plain, */*',
  'origin' => 'http://localhost:8080',
  'user-agent' => 'Mozilla/5.0 (Windows NT 10.0; WOW64) AppleWebKit/537.36 (KHTML, like Gecko) Chrome/63.0.3239.84 Safari/537.36',
  'referer' => 'http://localhost:8080/module/main.html',
  'accept-encoding' => 'gzip, deflate, br',
  'accept-language' => 'zh-CN,zh;q=0.9',
)
[ info ] [ PARAM ] array (
  'type' => '2',
)
[ info ] [ RUN ] app\index\controller\Index->yreight[ D:\phpStudy\WWW\tp5\application\index\controller\Index.php ]
[ info ] [ LOG ] INIT File
---------------------------------------------------------------
[ 2017-12-30T12:28:49+08:00 ] 0.0.0.0 GET /tp5/public/index.php/index/index/yreight?type=2
[ info ] localhost/tp5/public/index.php/index/index/yreight?type=2 [è¿è¡Œæ—¶é—´ï¼š0.016295s][åžåçŽ‡ï¼š61.37req/s] [å†…å­˜æ¶ˆè€—ï¼š1,026.96kb] [æ–‡ä»¶åŠ è½½ï¼š21]
[ info ] [ LANG ] D:\phpStudy\WWW\tp5\thinkphp\lang\zh-cn.php
[ info ] [ ROUTE ] array (
  'type' => 'module',
  'module' => 
  array (
    0 => 'index',
    1 => 'index',
    2 => 'yreight',
  ),
)
[ info ] [ HEADER ] array (
  'host' => 'localhost',
  'connection' => 'keep-alive',
  'accept' => 'application/json, text/plain, */*',
  'origin' => 'http://localhost:8080',
  'user-agent' => 'Mozilla/5.0 (Windows NT 10.0; WOW64) AppleWebKit/537.36 (KHTML, like Gecko) Chrome/63.0.3239.84 Safari/537.36',
  'referer' => 'http://localhost:8080/module/main.html',
  'accept-encoding' => 'gzip, deflate, br',
  'accept-language' => 'zh-CN,zh;q=0.9',
)
[ info ] [ PARAM ] array (
  'type' => '2',
)
[ info ] [ RUN ] app\index\controller\Index->yreight[ D:\phpStudy\WWW\tp5\application\index\controller\Index.php ]
[ info ] [ LOG ] INIT File
---------------------------------------------------------------
[ 2017-12-30T12:29:24+08:00 ] 0.0.0.0 GET /tp5/public/index.php/index/index/yreight?type=2
[ info ] localhost/tp5/public/index.php/index/index/yreight?type=2 [è¿è¡Œæ—¶é—´ï¼š0.015852s][åžåçŽ‡ï¼š63.08req/s] [å†…å­˜æ¶ˆè€—ï¼š1,026.96kb] [æ–‡ä»¶åŠ è½½ï¼š21]
[ info ] [ LANG ] D:\phpStudy\WWW\tp5\thinkphp\lang\zh-cn.php
[ info ] [ ROUTE ] array (
  'type' => 'module',
  'module' => 
  array (
    0 => 'index',
    1 => 'index',
    2 => 'yreight',
  ),
)
[ info ] [ HEADER ] array (
  'host' => 'localhost',
  'connection' => 'keep-alive',
  'accept' => 'application/json, text/plain, */*',
  'origin' => 'http://localhost:8080',
  'user-agent' => 'Mozilla/5.0 (Windows NT 10.0; WOW64) AppleWebKit/537.36 (KHTML, like Gecko) Chrome/63.0.3239.84 Safari/537.36',
  'referer' => 'http://localhost:8080/module/main.html',
  'accept-encoding' => 'gzip, deflate, br',
  'accept-language' => 'zh-CN,zh;q=0.9',
)
[ info ] [ PARAM ] array (
  'type' => '2',
)
[ info ] [ RUN ] app\index\controller\Index->yreight[ D:\phpStudy\WWW\tp5\application\index\controller\Index.php ]
[ info ] [ LOG ] INIT File
---------------------------------------------------------------
[ 2017-12-30T12:29:24+08:00 ] 0.0.0.0 GET /tp5/public/index.php/index/index/yreight?type=2
[ info ] localhost/tp5/public/index.php/index/index/yreight?type=2 [è¿è¡Œæ—¶é—´ï¼š0.016091s][åžåçŽ‡ï¼š62.15req/s] [å†…å­˜æ¶ˆè€—ï¼š1,026.96kb] [æ–‡ä»¶åŠ è½½ï¼š21]
[ info ] [ LANG ] D:\phpStudy\WWW\tp5\thinkphp\lang\zh-cn.php
[ info ] [ ROUTE ] array (
  'type' => 'module',
  'module' => 
  array (
    0 => 'index',
    1 => 'index',
    2 => 'yreight',
  ),
)
[ info ] [ HEADER ] array (
  'host' => 'localhost',
  'connection' => 'keep-alive',
  'accept' => 'application/json, text/plain, */*',
  'origin' => 'http://localhost:8080',
  'user-agent' => 'Mozilla/5.0 (Windows NT 10.0; WOW64) AppleWebKit/537.36 (KHTML, like Gecko) Chrome/63.0.3239.84 Safari/537.36',
  'referer' => 'http://localhost:8080/module/main.html',
  'accept-encoding' => 'gzip, deflate, br',
  'accept-language' => 'zh-CN,zh;q=0.9',
)
[ info ] [ PARAM ] array (
  'type' => '2',
)
[ info ] [ RUN ] app\index\controller\Index->yreight[ D:\phpStudy\WWW\tp5\application\index\controller\Index.php ]
[ info ] [ LOG ] INIT File
---------------------------------------------------------------
[ 2017-12-30T12:29:39+08:00 ] 0.0.0.0 GET /tp5/public/index.php/index/index/yreight?type=2
[ info ] localhost/tp5/public/index.php/index/index/yreight?type=2 [è¿è¡Œæ—¶é—´ï¼š0.025299s][åžåçŽ‡ï¼š39.53req/s] [å†…å­˜æ¶ˆè€—ï¼š1,026.96kb] [æ–‡ä»¶åŠ è½½ï¼š21]
[ info ] [ LANG ] D:\phpStudy\WWW\tp5\thinkphp\lang\zh-cn.php
[ info ] [ ROUTE ] array (
  'type' => 'module',
  'module' => 
  array (
    0 => 'index',
    1 => 'index',
    2 => 'yreight',
  ),
)
[ info ] [ HEADER ] array (
  'host' => 'localhost',
  'connection' => 'keep-alive',
  'accept' => 'application/json, text/plain, */*',
  'origin' => 'http://localhost:8080',
  'user-agent' => 'Mozilla/5.0 (Windows NT 10.0; WOW64) AppleWebKit/537.36 (KHTML, like Gecko) Chrome/63.0.3239.84 Safari/537.36',
  'referer' => 'http://localhost:8080/module/main.html',
  'accept-encoding' => 'gzip, deflate, br',
  'accept-language' => 'zh-CN,zh;q=0.9',
)
[ info ] [ PARAM ] array (
  'type' => '2',
)
[ info ] [ RUN ] app\index\controller\Index->yreight[ D:\phpStudy\WWW\tp5\application\index\controller\Index.php ]
[ info ] [ LOG ] INIT File
---------------------------------------------------------------
[ 2017-12-30T12:29:39+08:00 ] 0.0.0.0 GET /tp5/public/index.php/index/index/yreight?type=2
[ info ] localhost/tp5/public/index.php/index/index/yreight?type=2 [è¿è¡Œæ—¶é—´ï¼š0.015930s][åžåçŽ‡ï¼š62.77req/s] [å†…å­˜æ¶ˆè€—ï¼š1,026.96kb] [æ–‡ä»¶åŠ è½½ï¼š21]
[ info ] [ LANG ] D:\phpStudy\WWW\tp5\thinkphp\lang\zh-cn.php
[ info ] [ ROUTE ] array (
  'type' => 'module',
  'module' => 
  array (
    0 => 'index',
    1 => 'index',
    2 => 'yreight',
  ),
)
[ info ] [ HEADER ] array (
  'host' => 'localhost',
  'connection' => 'keep-alive',
  'accept' => 'application/json, text/plain, */*',
  'origin' => 'http://localhost:8080',
  'user-agent' => 'Mozilla/5.0 (Windows NT 10.0; WOW64) AppleWebKit/537.36 (KHTML, like Gecko) Chrome/63.0.3239.84 Safari/537.36',
  'referer' => 'http://localhost:8080/module/main.html',
  'accept-encoding' => 'gzip, deflate, br',
  'accept-language' => 'zh-CN,zh;q=0.9',
)
[ info ] [ PARAM ] array (
  'type' => '2',
)
[ info ] [ RUN ] app\index\controller\Index->yreight[ D:\phpStudy\WWW\tp5\application\index\controller\Index.php ]
[ info ] [ LOG ] INIT File
---------------------------------------------------------------
[ 2017-12-30T12:30:23+08:00 ] 0.0.0.0 GET /tp5/public/index.php/index/index/yreight?type=2
[ info ] localhost/tp5/public/index.php/index/index/yreight?type=2 [è¿è¡Œæ—¶é—´ï¼š0.016783s][åžåçŽ‡ï¼š59.58req/s] [å†…å­˜æ¶ˆè€—ï¼š1,026.96kb] [æ–‡ä»¶åŠ è½½ï¼š21]
[ info ] [ LANG ] D:\phpStudy\WWW\tp5\thinkphp\lang\zh-cn.php
[ info ] [ ROUTE ] array (
  'type' => 'module',
  'module' => 
  array (
    0 => 'index',
    1 => 'index',
    2 => 'yreight',
  ),
)
[ info ] [ HEADER ] array (
  'host' => 'localhost',
  'connection' => 'keep-alive',
  'accept' => 'application/json, text/plain, */*',
  'origin' => 'http://localhost:8080',
  'user-agent' => 'Mozilla/5.0 (Windows NT 10.0; WOW64) AppleWebKit/537.36 (KHTML, like Gecko) Chrome/63.0.3239.84 Safari/537.36',
  'referer' => 'http://localhost:8080/module/main.html',
  'accept-encoding' => 'gzip, deflate, br',
  'accept-language' => 'zh-CN,zh;q=0.9',
)
[ info ] [ PARAM ] array (
  'type' => '2',
)
[ info ] [ RUN ] app\index\controller\Index->yreight[ D:\phpStudy\WWW\tp5\application\index\controller\Index.php ]
[ info ] [ LOG ] INIT File
---------------------------------------------------------------
[ 2017-12-30T12:30:23+08:00 ] 0.0.0.0 GET /tp5/public/index.php/index/index/yreight?type=2
[ info ] localhost/tp5/public/index.php/index/index/yreight?type=2 [è¿è¡Œæ—¶é—´ï¼š0.016297s][åžåçŽ‡ï¼š61.36req/s] [å†…å­˜æ¶ˆè€—ï¼š1,026.96kb] [æ–‡ä»¶åŠ è½½ï¼š21]
[ info ] [ LANG ] D:\phpStudy\WWW\tp5\thinkphp\lang\zh-cn.php
[ info ] [ ROUTE ] array (
  'type' => 'module',
  'module' => 
  array (
    0 => 'index',
    1 => 'index',
    2 => 'yreight',
  ),
)
[ info ] [ HEADER ] array (
  'host' => 'localhost',
  'connection' => 'keep-alive',
  'accept' => 'application/json, text/plain, */*',
  'origin' => 'http://localhost:8080',
  'user-agent' => 'Mozilla/5.0 (Windows NT 10.0; WOW64) AppleWebKit/537.36 (KHTML, like Gecko) Chrome/63.0.3239.84 Safari/537.36',
  'referer' => 'http://localhost:8080/module/main.html',
  'accept-encoding' => 'gzip, deflate, br',
  'accept-language' => 'zh-CN,zh;q=0.9',
)
[ info ] [ PARAM ] array (
  'type' => '2',
)
[ info ] [ RUN ] app\index\controller\Index->yreight[ D:\phpStudy\WWW\tp5\application\index\controller\Index.php ]
[ info ] [ LOG ] INIT File
---------------------------------------------------------------
[ 2017-12-30T12:30:53+08:00 ] 0.0.0.0 GET /tp5/public/index.php/index/index/yreight?type=2
[ info ] localhost/tp5/public/index.php/index/index/yreight?type=2 [è¿è¡Œæ—¶é—´ï¼š0.016722s][åžåçŽ‡ï¼š59.80req/s] [å†…å­˜æ¶ˆè€—ï¼š1,026.96kb] [æ–‡ä»¶åŠ è½½ï¼š21]
[ info ] [ LANG ] D:\phpStudy\WWW\tp5\thinkphp\lang\zh-cn.php
[ info ] [ ROUTE ] array (
  'type' => 'module',
  'module' => 
  array (
    0 => 'index',
    1 => 'index',
    2 => 'yreight',
  ),
)
[ info ] [ HEADER ] array (
  'host' => 'localhost',
  'connection' => 'keep-alive',
  'accept' => 'application/json, text/plain, */*',
  'origin' => 'http://localhost:8080',
  'user-agent' => 'Mozilla/5.0 (Windows NT 10.0; WOW64) AppleWebKit/537.36 (KHTML, like Gecko) Chrome/63.0.3239.84 Safari/537.36',
  'referer' => 'http://localhost:8080/module/main.html',
  'accept-encoding' => 'gzip, deflate, br',
  'accept-language' => 'zh-CN,zh;q=0.9',
)
[ info ] [ PARAM ] array (
  'type' => '2',
)
[ info ] [ RUN ] app\index\controller\Index->yreight[ D:\phpStudy\WWW\tp5\application\index\controller\Index.php ]
[ info ] [ LOG ] INIT File
---------------------------------------------------------------
[ 2017-12-30T12:30:53+08:00 ] 0.0.0.0 GET /tp5/public/index.php/index/index/yreight?type=2
[ info ] localhost/tp5/public/index.php/index/index/yreight?type=2 [è¿è¡Œæ—¶é—´ï¼š0.015889s][åžåçŽ‡ï¼š62.94req/s] [å†…å­˜æ¶ˆè€—ï¼š1,026.96kb] [æ–‡ä»¶åŠ è½½ï¼š21]
[ info ] [ LANG ] D:\phpStudy\WWW\tp5\thinkphp\lang\zh-cn.php
[ info ] [ ROUTE ] array (
  'type' => 'module',
  'module' => 
  array (
    0 => 'index',
    1 => 'index',
    2 => 'yreight',
  ),
)
[ info ] [ HEADER ] array (
  'host' => 'localhost',
  'connection' => 'keep-alive',
  'accept' => 'application/json, text/plain, */*',
  'origin' => 'http://localhost:8080',
  'user-agent' => 'Mozilla/5.0 (Windows NT 10.0; WOW64) AppleWebKit/537.36 (KHTML, like Gecko) Chrome/63.0.3239.84 Safari/537.36',
  'referer' => 'http://localhost:8080/module/main.html',
  'accept-encoding' => 'gzip, deflate, br',
  'accept-language' => 'zh-CN,zh;q=0.9',
)
[ info ] [ PARAM ] array (
  'type' => '2',
)
[ info ] [ RUN ] app\index\controller\Index->yreight[ D:\phpStudy\WWW\tp5\application\index\controller\Index.php ]
[ info ] [ LOG ] INIT File
---------------------------------------------------------------
[ 2017-12-30T12:34:44+08:00 ] 0.0.0.0 GET /tp5/public/index.php/index/index/yreight?type=2
[ info ] localhost/tp5/public/index.php/index/index/yreight?type=2 [è¿è¡Œæ—¶é—´ï¼š0.016466s][åžåçŽ‡ï¼š60.73req/s] [å†…å­˜æ¶ˆè€—ï¼š1,026.96kb] [æ–‡ä»¶åŠ è½½ï¼š21]
[ info ] [ LANG ] D:\phpStudy\WWW\tp5\thinkphp\lang\zh-cn.php
[ info ] [ ROUTE ] array (
  'type' => 'module',
  'module' => 
  array (
    0 => 'index',
    1 => 'index',
    2 => 'yreight',
  ),
)
[ info ] [ HEADER ] array (
  'host' => 'localhost',
  'connection' => 'keep-alive',
  'accept' => 'application/json, text/plain, */*',
  'origin' => 'http://localhost:8080',
  'user-agent' => 'Mozilla/5.0 (Windows NT 10.0; WOW64) AppleWebKit/537.36 (KHTML, like Gecko) Chrome/63.0.3239.84 Safari/537.36',
  'referer' => 'http://localhost:8080/module/main.html',
  'accept-encoding' => 'gzip, deflate, br',
  'accept-language' => 'zh-CN,zh;q=0.9',
)
[ info ] [ PARAM ] array (
  'type' => '2',
)
[ info ] [ RUN ] app\index\controller\Index->yreight[ D:\phpStudy\WWW\tp5\application\index\controller\Index.php ]
[ info ] [ LOG ] INIT File
---------------------------------------------------------------
[ 2017-12-30T12:34:44+08:00 ] 0.0.0.0 GET /tp5/public/index.php/index/index/yreight?type=2
[ info ] localhost/tp5/public/index.php/index/index/yreight?type=2 [è¿è¡Œæ—¶é—´ï¼š0.015464s][åžåçŽ‡ï¼š64.67req/s] [å†…å­˜æ¶ˆè€—ï¼š1,026.96kb] [æ–‡ä»¶åŠ è½½ï¼š21]
[ info ] [ LANG ] D:\phpStudy\WWW\tp5\thinkphp\lang\zh-cn.php
[ info ] [ ROUTE ] array (
  'type' => 'module',
  'module' => 
  array (
    0 => 'index',
    1 => 'index',
    2 => 'yreight',
  ),
)
[ info ] [ HEADER ] array (
  'host' => 'localhost',
  'connection' => 'keep-alive',
  'accept' => 'application/json, text/plain, */*',
  'origin' => 'http://localhost:8080',
  'user-agent' => 'Mozilla/5.0 (Windows NT 10.0; WOW64) AppleWebKit/537.36 (KHTML, like Gecko) Chrome/63.0.3239.84 Safari/537.36',
  'referer' => 'http://localhost:8080/module/main.html',
  'accept-encoding' => 'gzip, deflate, br',
  'accept-language' => 'zh-CN,zh;q=0.9',
)
[ info ] [ PARAM ] array (
  'type' => '2',
)
[ info ] [ RUN ] app\index\controller\Index->yreight[ D:\phpStudy\WWW\tp5\application\index\controller\Index.php ]
[ info ] [ LOG ] INIT File
---------------------------------------------------------------
[ 2017-12-30T12:36:17+08:00 ] 0.0.0.0 GET /tp5/public/index.php/index/index/yreight?type=2
[ info ] localhost/tp5/public/index.php/index/index/yreight?type=2 [è¿è¡Œæ—¶é—´ï¼š0.016723s][åžåçŽ‡ï¼š59.80req/s] [å†…å­˜æ¶ˆè€—ï¼š1,026.96kb] [æ–‡ä»¶åŠ è½½ï¼š21]
[ info ] [ LANG ] D:\phpStudy\WWW\tp5\thinkphp\lang\zh-cn.php
[ info ] [ ROUTE ] array (
  'type' => 'module',
  'module' => 
  array (
    0 => 'index',
    1 => 'index',
    2 => 'yreight',
  ),
)
[ info ] [ HEADER ] array (
  'host' => 'localhost',
  'connection' => 'keep-alive',
  'accept' => 'application/json, text/plain, */*',
  'origin' => 'http://localhost:8080',
  'user-agent' => 'Mozilla/5.0 (Windows NT 10.0; WOW64) AppleWebKit/537.36 (KHTML, like Gecko) Chrome/63.0.3239.84 Safari/537.36',
  'referer' => 'http://localhost:8080/module/main.html',
  'accept-encoding' => 'gzip, deflate, br',
  'accept-language' => 'zh-CN,zh;q=0.9',
)
[ info ] [ PARAM ] array (
  'type' => '2',
)
[ info ] [ RUN ] app\index\controller\Index->yreight[ D:\phpStudy\WWW\tp5\application\index\controller\Index.php ]
[ info ] [ LOG ] INIT File
---------------------------------------------------------------
[ 2017-12-30T12:36:17+08:00 ] 0.0.0.0 GET /tp5/public/index.php/index/index/yreight?type=2
[ info ] localhost/tp5/public/index.php/index/index/yreight?type=2 [è¿è¡Œæ—¶é—´ï¼š0.016108s][åžåçŽ‡ï¼š62.08req/s] [å†…å­˜æ¶ˆè€—ï¼š1,026.96kb] [æ–‡ä»¶åŠ è½½ï¼š21]
[ info ] [ LANG ] D:\phpStudy\WWW\tp5\thinkphp\lang\zh-cn.php
[ info ] [ ROUTE ] array (
  'type' => 'module',
  'module' => 
  array (
    0 => 'index',
    1 => 'index',
    2 => 'yreight',
  ),
)
[ info ] [ HEADER ] array (
  'host' => 'localhost',
  'connection' => 'keep-alive',
  'accept' => 'application/json, text/plain, */*',
  'origin' => 'http://localhost:8080',
  'user-agent' => 'Mozilla/5.0 (Windows NT 10.0; WOW64) AppleWebKit/537.36 (KHTML, like Gecko) Chrome/63.0.3239.84 Safari/537.36',
  'referer' => 'http://localhost:8080/module/main.html',
  'accept-encoding' => 'gzip, deflate, br',
  'accept-language' => 'zh-CN,zh;q=0.9',
)
[ info ] [ PARAM ] array (
  'type' => '2',
)
[ info ] [ RUN ] app\index\controller\Index->yreight[ D:\phpStudy\WWW\tp5\application\index\controller\Index.php ]
[ info ] [ LOG ] INIT File
---------------------------------------------------------------
[ 2017-12-30T12:36:32+08:00 ] 0.0.0.0 GET /tp5/public/index.php/index/index/yreight?type=2
[ info ] localhost/tp5/public/index.php/index/index/yreight?type=2 [è¿è¡Œæ—¶é—´ï¼š0.021120s][åžåçŽ‡ï¼š47.35req/s] [å†…å­˜æ¶ˆè€—ï¼š1,026.96kb] [æ–‡ä»¶åŠ è½½ï¼š21]
[ info ] [ LANG ] D:\phpStudy\WWW\tp5\thinkphp\lang\zh-cn.php
[ info ] [ ROUTE ] array (
  'type' => 'module',
  'module' => 
  array (
    0 => 'index',
    1 => 'index',
    2 => 'yreight',
  ),
)
[ info ] [ HEADER ] array (
  'host' => 'localhost',
  'connection' => 'keep-alive',
  'accept' => 'application/json, text/plain, */*',
  'origin' => 'http://localhost:8080',
  'user-agent' => 'Mozilla/5.0 (Windows NT 10.0; WOW64) AppleWebKit/537.36 (KHTML, like Gecko) Chrome/63.0.3239.84 Safari/537.36',
  'referer' => 'http://localhost:8080/module/main.html',
  'accept-encoding' => 'gzip, deflate, br',
  'accept-language' => 'zh-CN,zh;q=0.9',
)
[ info ] [ PARAM ] array (
  'type' => '2',
)
[ info ] [ RUN ] app\index\controller\Index->yreight[ D:\phpStudy\WWW\tp5\application\index\controller\Index.php ]
[ info ] [ LOG ] INIT File
---------------------------------------------------------------
[ 2017-12-30T12:36:32+08:00 ] 0.0.0.0 GET /tp5/public/index.php/index/index/yreight?type=2
[ info ] localhost/tp5/public/index.php/index/index/yreight?type=2 [è¿è¡Œæ—¶é—´ï¼š0.015875s][åžåçŽ‡ï¼š62.99req/s] [å†…å­˜æ¶ˆè€—ï¼š1,026.96kb] [æ–‡ä»¶åŠ è½½ï¼š21]
[ info ] [ LANG ] D:\phpStudy\WWW\tp5\thinkphp\lang\zh-cn.php
[ info ] [ ROUTE ] array (
  'type' => 'module',
  'module' => 
  array (
    0 => 'index',
    1 => 'index',
    2 => 'yreight',
  ),
)
[ info ] [ HEADER ] array (
  'host' => 'localhost',
  'connection' => 'keep-alive',
  'accept' => 'application/json, text/plain, */*',
  'origin' => 'http://localhost:8080',
  'user-agent' => 'Mozilla/5.0 (Windows NT 10.0; WOW64) AppleWebKit/537.36 (KHTML, like Gecko) Chrome/63.0.3239.84 Safari/537.36',
  'referer' => 'http://localhost:8080/module/main.html',
  'accept-encoding' => 'gzip, deflate, br',
  'accept-language' => 'zh-CN,zh;q=0.9',
)
[ info ] [ PARAM ] array (
  'type' => '2',
)
[ info ] [ RUN ] app\index\controller\Index->yreight[ D:\phpStudy\WWW\tp5\application\index\controller\Index.php ]
[ info ] [ LOG ] INIT File
---------------------------------------------------------------
[ 2017-12-30T12:37:56+08:00 ] 0.0.0.0 GET /tp5/public/index.php/index/index/yreight?type=2
[ info ] localhost/tp5/public/index.php/index/index/yreight?type=2 [è¿è¡Œæ—¶é—´ï¼š0.015651s][åžåçŽ‡ï¼š63.89req/s] [å†…å­˜æ¶ˆè€—ï¼š1,026.96kb] [æ–‡ä»¶åŠ è½½ï¼š21]
[ info ] [ LANG ] D:\phpStudy\WWW\tp5\thinkphp\lang\zh-cn.php
[ info ] [ ROUTE ] array (
  'type' => 'module',
  'module' => 
  array (
    0 => 'index',
    1 => 'index',
    2 => 'yreight',
  ),
)
[ info ] [ HEADER ] array (
  'host' => 'localhost',
  'connection' => 'keep-alive',
  'accept' => 'application/json, text/plain, */*',
  'origin' => 'http://localhost:8080',
  'user-agent' => 'Mozilla/5.0 (Windows NT 10.0; WOW64) AppleWebKit/537.36 (KHTML, like Gecko) Chrome/63.0.3239.84 Safari/537.36',
  'referer' => 'http://localhost:8080/module/main.html',
  'accept-encoding' => 'gzip, deflate, br',
  'accept-language' => 'zh-CN,zh;q=0.9',
)
[ info ] [ PARAM ] array (
  'type' => '2',
)
[ info ] [ RUN ] app\index\controller\Index->yreight[ D:\phpStudy\WWW\tp5\application\index\controller\Index.php ]
[ info ] [ LOG ] INIT File
---------------------------------------------------------------
[ 2017-12-30T12:37:56+08:00 ] 0.0.0.0 GET /tp5/public/index.php/index/index/yreight?type=2
[ info ] localhost/tp5/public/index.php/index/index/yreight?type=2 [è¿è¡Œæ—¶é—´ï¼š0.014165s][åžåçŽ‡ï¼š70.60req/s] [å†…å­˜æ¶ˆè€—ï¼š1,026.96kb] [æ–‡ä»¶åŠ è½½ï¼š21]
[ info ] [ LANG ] D:\phpStudy\WWW\tp5\thinkphp\lang\zh-cn.php
[ info ] [ ROUTE ] array (
  'type' => 'module',
  'module' => 
  array (
    0 => 'index',
    1 => 'index',
    2 => 'yreight',
  ),
)
[ info ] [ HEADER ] array (
  'host' => 'localhost',
  'connection' => 'keep-alive',
  'accept' => 'application/json, text/plain, */*',
  'origin' => 'http://localhost:8080',
  'user-agent' => 'Mozilla/5.0 (Windows NT 10.0; WOW64) AppleWebKit/537.36 (KHTML, like Gecko) Chrome/63.0.3239.84 Safari/537.36',
  'referer' => 'http://localhost:8080/module/main.html',
  'accept-encoding' => 'gzip, deflate, br',
  'accept-language' => 'zh-CN,zh;q=0.9',
)
[ info ] [ PARAM ] array (
  'type' => '2',
)
[ info ] [ RUN ] app\index\controller\Index->yreight[ D:\phpStudy\WWW\tp5\application\index\controller\Index.php ]
[ info ] [ LOG ] INIT File
---------------------------------------------------------------
[ 2017-12-30T12:38:36+08:00 ] 0.0.0.0 GET /tp5/public/index.php/index/index/yreight?type=2
[ info ] localhost/tp5/public/index.php/index/index/yreight?type=2 [è¿è¡Œæ—¶é—´ï¼š0.016854s][åžåçŽ‡ï¼š59.33req/s] [å†…å­˜æ¶ˆè€—ï¼š1,026.96kb] [æ–‡ä»¶åŠ è½½ï¼š21]
[ info ] [ LANG ] D:\phpStudy\WWW\tp5\thinkphp\lang\zh-cn.php
[ info ] [ ROUTE ] array (
  'type' => 'module',
  'module' => 
  array (
    0 => 'index',
    1 => 'index',
    2 => 'yreight',
  ),
)
[ info ] [ HEADER ] array (
  'host' => 'localhost',
  'connection' => 'keep-alive',
  'accept' => 'application/json, text/plain, */*',
  'origin' => 'http://localhost:8080',
  'user-agent' => 'Mozilla/5.0 (Windows NT 10.0; WOW64) AppleWebKit/537.36 (KHTML, like Gecko) Chrome/63.0.3239.84 Safari/537.36',
  'referer' => 'http://localhost:8080/module/main.html',
  'accept-encoding' => 'gzip, deflate, br',
  'accept-language' => 'zh-CN,zh;q=0.9',
)
[ info ] [ PARAM ] array (
  'type' => '2',
)
[ info ] [ RUN ] app\index\controller\Index->yreight[ D:\phpStudy\WWW\tp5\application\index\controller\Index.php ]
[ info ] [ LOG ] INIT File
---------------------------------------------------------------
[ 2017-12-30T12:38:36+08:00 ] 0.0.0.0 GET /tp5/public/index.php/index/index/yreight?type=2
[ info ] localhost/tp5/public/index.php/index/index/yreight?type=2 [è¿è¡Œæ—¶é—´ï¼š0.013923s][åžåçŽ‡ï¼š71.82req/s] [å†…å­˜æ¶ˆè€—ï¼š1,026.96kb] [æ–‡ä»¶åŠ è½½ï¼š21]
[ info ] [ LANG ] D:\phpStudy\WWW\tp5\thinkphp\lang\zh-cn.php
[ info ] [ ROUTE ] array (
  'type' => 'module',
  'module' => 
  array (
    0 => 'index',
    1 => 'index',
    2 => 'yreight',
  ),
)
[ info ] [ HEADER ] array (
  'host' => 'localhost',
  'connection' => 'keep-alive',
  'accept' => 'application/json, text/plain, */*',
  'origin' => 'http://localhost:8080',
  'user-agent' => 'Mozilla/5.0 (Windows NT 10.0; WOW64) AppleWebKit/537.36 (KHTML, like Gecko) Chrome/63.0.3239.84 Safari/537.36',
  'referer' => 'http://localhost:8080/module/main.html',
  'accept-encoding' => 'gzip, deflate, br',
  'accept-language' => 'zh-CN,zh;q=0.9',
)
[ info ] [ PARAM ] array (
  'type' => '2',
)
[ info ] [ RUN ] app\index\controller\Index->yreight[ D:\phpStudy\WWW\tp5\application\index\controller\Index.php ]
[ info ] [ LOG ] INIT File
---------------------------------------------------------------
[ 2017-12-30T12:39:17+08:00 ] 0.0.0.0 GET /tp5/public/index.php/index/index/yreight?type=2
[ info ] localhost/tp5/public/index.php/index/index/yreight?type=2 [è¿è¡Œæ—¶é—´ï¼š0.015349s][åžåçŽ‡ï¼š65.15req/s] [å†…å­˜æ¶ˆè€—ï¼š1,026.96kb] [æ–‡ä»¶åŠ è½½ï¼š21]
[ info ] [ LANG ] D:\phpStudy\WWW\tp5\thinkphp\lang\zh-cn.php
[ info ] [ ROUTE ] array (
  'type' => 'module',
  'module' => 
  array (
    0 => 'index',
    1 => 'index',
    2 => 'yreight',
  ),
)
[ info ] [ HEADER ] array (
  'host' => 'localhost',
  'connection' => 'keep-alive',
  'accept' => 'application/json, text/plain, */*',
  'origin' => 'http://localhost:8080',
  'user-agent' => 'Mozilla/5.0 (Windows NT 10.0; WOW64) AppleWebKit/537.36 (KHTML, like Gecko) Chrome/63.0.3239.84 Safari/537.36',
  'referer' => 'http://localhost:8080/module/main.html',
  'accept-encoding' => 'gzip, deflate, br',
  'accept-language' => 'zh-CN,zh;q=0.9',
)
[ info ] [ PARAM ] array (
  'type' => '2',
)
[ info ] [ RUN ] app\index\controller\Index->yreight[ D:\phpStudy\WWW\tp5\application\index\controller\Index.php ]
[ info ] [ LOG ] INIT File
---------------------------------------------------------------
[ 2017-12-30T12:39:17+08:00 ] 0.0.0.0 GET /tp5/public/index.php/index/index/yreight?type=2
[ info ] localhost/tp5/public/index.php/index/index/yreight?type=2 [è¿è¡Œæ—¶é—´ï¼š0.015574s][åžåçŽ‡ï¼š64.21req/s] [å†…å­˜æ¶ˆè€—ï¼š1,026.96kb] [æ–‡ä»¶åŠ è½½ï¼š21]
[ info ] [ LANG ] D:\phpStudy\WWW\tp5\thinkphp\lang\zh-cn.php
[ info ] [ ROUTE ] array (
  'type' => 'module',
  'module' => 
  array (
    0 => 'index',
    1 => 'index',
    2 => 'yreight',
  ),
)
[ info ] [ HEADER ] array (
  'host' => 'localhost',
  'connection' => 'keep-alive',
  'accept' => 'application/json, text/plain, */*',
  'origin' => 'http://localhost:8080',
  'user-agent' => 'Mozilla/5.0 (Windows NT 10.0; WOW64) AppleWebKit/537.36 (KHTML, like Gecko) Chrome/63.0.3239.84 Safari/537.36',
  'referer' => 'http://localhost:8080/module/main.html',
  'accept-encoding' => 'gzip, deflate, br',
  'accept-language' => 'zh-CN,zh;q=0.9',
)
[ info ] [ PARAM ] array (
  'type' => '2',
)
[ info ] [ RUN ] app\index\controller\Index->yreight[ D:\phpStudy\WWW\tp5\application\index\controller\Index.php ]
[ info ] [ LOG ] INIT File
---------------------------------------------------------------
[ 2017-12-30T12:40:33+08:00 ] 0.0.0.0 GET /tp5/public/index.php/index/index/yreight?type=2
[ info ] localhost/tp5/public/index.php/index/index/yreight?type=2 [è¿è¡Œæ—¶é—´ï¼š0.018830s][åžåçŽ‡ï¼š53.11req/s] [å†…å­˜æ¶ˆè€—ï¼š1,026.96kb] [æ–‡ä»¶åŠ è½½ï¼š21]
[ info ] [ LANG ] D:\phpStudy\WWW\tp5\thinkphp\lang\zh-cn.php
[ info ] [ ROUTE ] array (
  'type' => 'module',
  'module' => 
  array (
    0 => 'index',
    1 => 'index',
    2 => 'yreight',
  ),
)
[ info ] [ HEADER ] array (
  'host' => 'localhost',
  'connection' => 'keep-alive',
  'accept' => 'application/json, text/plain, */*',
  'origin' => 'http://localhost:8080',
  'user-agent' => 'Mozilla/5.0 (Windows NT 10.0; WOW64) AppleWebKit/537.36 (KHTML, like Gecko) Chrome/63.0.3239.84 Safari/537.36',
  'referer' => 'http://localhost:8080/module/main.html',
  'accept-encoding' => 'gzip, deflate, br',
  'accept-language' => 'zh-CN,zh;q=0.9',
)
[ info ] [ PARAM ] array (
  'type' => '2',
)
[ info ] [ RUN ] app\index\controller\Index->yreight[ D:\phpStudy\WWW\tp5\application\index\controller\Index.php ]
[ info ] [ LOG ] INIT File
---------------------------------------------------------------
[ 2017-12-30T12:40:33+08:00 ] 0.0.0.0 GET /tp5/public/index.php/index/index/yreight?type=2
[ info ] localhost/tp5/public/index.php/index/index/yreight?type=2 [è¿è¡Œæ—¶é—´ï¼š0.014119s][åžåçŽ‡ï¼š70.83req/s] [å†…å­˜æ¶ˆè€—ï¼š1,026.96kb] [æ–‡ä»¶åŠ è½½ï¼š21]
[ info ] [ LANG ] D:\phpStudy\WWW\tp5\thinkphp\lang\zh-cn.php
[ info ] [ ROUTE ] array (
  'type' => 'module',
  'module' => 
  array (
    0 => 'index',
    1 => 'index',
    2 => 'yreight',
  ),
)
[ info ] [ HEADER ] array (
  'host' => 'localhost',
  'connection' => 'keep-alive',
  'accept' => 'application/json, text/plain, */*',
  'origin' => 'http://localhost:8080',
  'user-agent' => 'Mozilla/5.0 (Windows NT 10.0; WOW64) AppleWebKit/537.36 (KHTML, like Gecko) Chrome/63.0.3239.84 Safari/537.36',
  'referer' => 'http://localhost:8080/module/main.html',
  'accept-encoding' => 'gzip, deflate, br',
  'accept-language' => 'zh-CN,zh;q=0.9',
)
[ info ] [ PARAM ] array (
  'type' => '2',
)
[ info ] [ RUN ] app\index\controller\Index->yreight[ D:\phpStudy\WWW\tp5\application\index\controller\Index.php ]
[ info ] [ LOG ] INIT File
